#
# A fatal error has been detected by the Java Runtime Environment:
#
#  SIGBUS (0xa) at pc=0x000000012b8014e4, pid=9395, tid=24579
#
# JRE version: Java(TM) SE Runtime Environment (17.0.8+9) (build 17.0.8+9-LTS-211)
# Java VM: Java HotSpot(TM) 64-Bit Server VM (17.0.8+9-LTS-211, mixed mode, emulated-client, sharing, tiered, compressed oops, compressed class ptrs, g1 gc, bsd-aarch64)
# Problematic frame:
# v  ~StubRoutines::SafeFetch32
#
# No core dump will be written. Core dumps have been disabled. To enable core dumping, try "ulimit -c unlimited" before starting Java again
#
# JFR recording file will be written. Location: /Users/minguk/Desktop/4학기/알고리즘/question/hs_err_pid9395.jfr
#
# If you would like to submit a bug report, please visit:
#   https://bugreport.java.com/bugreport/crash.jsp
#

---------------  S U M M A R Y ------------

Command Line: -XX:TieredStopAtLevel=1 -Dspring.output.ansi.enabled=always -Dcom.sun.management.jmxremote -Dspring.jmx.enabled=true -Dspring.liveBeansView.mbeanDomain -Dspring.application.admin.enabled=true -Dmanagement.endpoints.jmx.exposure.include=* -javaagent:/Applications/IntelliJ IDEA.app/Contents/lib/idea_rt.jar=52790:/Applications/IntelliJ IDEA.app/Contents/bin -agentpath:/private/var/folders/92/3t0_47bx00d8_spblkrdj1vw0000gn/T/libasyncProfiler.dylib=start,jfr,event=wall,interval=10ms,jfrsync=profile,cstack=no,file=/Users/minguk/IdeaSnapshots/QuestionApplication_2023_11_21_183050.jfr,log=/private/var/folders/92/3t0_47bx00d8_spblkrdj1vw0000gn/T/QuestionApplication_2023_11_21_183050.jfr.log.txt,logLevel=DEBUG -Dfile.encoding=UTF-8 edu.skku.question.QuestionApplication

Host: "Mac14,2" arm64 1 MHz, 8 cores, 8G, Darwin 22.3.0, macOS 13.2.1 (22D68)
Time: Tue Nov 21 18:30:52 2023 KST elapsed time: 1.447009 seconds (0d 0h 0m 1s)

---------------  T H R E A D  ---------------

Current thread (0x000000013b917200):  JavaThread "Attach Listener" daemon [_thread_in_Java, id=24579, stack(0x000000017125c000,0x000000017145f000)]

Stack: [0x000000017125c000,0x000000017145f000],  sp=0x000000017145cc50,  free space=2051k
Native frames: (J=compiled Java code, j=interpreted, Vv=VM code, C=native code)
v  ~StubRoutines::SafeFetch32
V  [libjvm.dylib+0x7b1c5c]  os::is_readable_range(void const*, void const*)+0x2c
V  [libjvm.dylib+0x762598]  Method::is_valid_method(Method const*)+0x38
V  [libjvm.dylib+0x35a28c]  frame::is_interpreted_frame_valid(JavaThread*) const+0x7c
V  [libjvm.dylib+0x35a168]  frame::safe_for_sender(JavaThread*)+0x4ec
V  [libjvm.dylib+0x9292b8]  JavaThread::pd_get_top_frame(frame*, void*, bool)+0x200
V  [libjvm.dylib+0x357010]  AsyncGetCallTrace+0x198
C  [libasyncProfiler.dylib+0x3e400]  Profiler::getJavaTraceAsync(void*, ASGCT_CallFrame*, int, StackContext*)+0x15c
C  [libasyncProfiler.dylib+0x3f518]  Profiler::recordSampleForThread(int, void*, unsigned long long, EventType, Event*, int*)+0x15c
C  [libasyncProfiler.dylib+0x4e114]  WallClock::signalHandler(int, __siginfo*, void*)+0xa8
C  [libsystem_platform.dylib+0x42a4]  _sigtramp+0x38
C  0xda2d80012b805e18
j  java.util.TreeMap.entrySet()Ljava/util/Set;+19 java.base@17.0.8
j  javax.management.ImmutableDescriptor.<init>(Ljava/util/Map;)V+35 java.management@17.0.8
j  javax.management.ImmutableDescriptor.<init>([Ljava/lang/String;[Ljava/lang/Object;)V+6 java.management@17.0.8
j  com.sun.jmx.mbeanserver.MXBeanIntrospector.typeDescriptor(Ljavax/management/openmbean/OpenType;Ljava/lang/reflect/Type;)Ljavax/management/Descriptor;+33 java.management@17.0.8
j  com.sun.jmx.mbeanserver.MXBeanIntrospector.getMBeanOperationInfo(Ljava/lang/String;Lcom/sun/jmx/mbeanserver/ConvertingMethod;)Ljavax/management/MBeanOperationInfo;+101 java.management@17.0.8
j  com.sun.jmx.mbeanserver.MXBeanIntrospector.getMBeanOperationInfo(Ljava/lang/String;Ljava/lang/Object;)Ljavax/management/MBeanOperationInfo;+6 java.management@17.0.8
j  com.sun.jmx.mbeanserver.MBeanIntrospector$MBeanInfoMaker.visitOperation(Ljava/lang/String;Ljava/lang/Object;)V+6 java.management@17.0.8
j  com.sun.jmx.mbeanserver.MBeanAnalyzer.visit(Lcom/sun/jmx/mbeanserver/MBeanAnalyzer$MBeanVisitor;)V+158 java.management@17.0.8
j  com.sun.jmx.mbeanserver.MBeanIntrospector.makeInterfaceMBeanInfo(Ljava/lang/Class;Lcom/sun/jmx/mbeanserver/MBeanAnalyzer;)Ljavax/management/MBeanInfo;+11 java.management@17.0.8
j  com.sun.jmx.mbeanserver.MBeanIntrospector.getPerInterface(Ljava/lang/Class;)Lcom/sun/jmx/mbeanserver/PerInterface;+54 java.management@17.0.8
j  com.sun.jmx.mbeanserver.MBeanSupport.<init>(Ljava/lang/Object;Ljava/lang/Class;)V+69 java.management@17.0.8
j  com.sun.jmx.mbeanserver.MXBeanSupport.<init>(Ljava/lang/Object;Ljava/lang/Class;)V+3 java.management@17.0.8
j  javax.management.StandardMBean.construct(Ljava/lang/Object;Ljava/lang/Class;ZZ)V+56 java.management@17.0.8
j  javax.management.StandardMBean.<init>(Ljava/lang/Object;Ljava/lang/Class;Z)V+9 java.management@17.0.8
j  java.lang.management.ManagementFactory.lambda$addMXBean$7(Ljava/lang/Object;Ljavax/management/MBeanServer;Ljavax/management/ObjectName;)Ljava/lang/Void;+53 java.management@17.0.8
j  java.lang.management.ManagementFactory$$Lambda$82+0x000000c00101f2b8.run()Ljava/lang/Object;+12 java.management@17.0.8
j  java.security.AccessController.executePrivileged(Ljava/security/PrivilegedExceptionAction;Ljava/security/AccessControlContext;Ljava/lang/Class;)Ljava/lang/Object;+29 java.base@17.0.8
j  java.security.AccessController.doPrivileged(Ljava/security/PrivilegedExceptionAction;)Ljava/lang/Object;+9 java.base@17.0.8
j  java.lang.management.ManagementFactory.addMXBean(Ljavax/management/MBeanServer;Ljava/lang/String;Ljava/lang/Object;)V+13 java.management@17.0.8
j  java.lang.management.ManagementFactory.lambda$getPlatformMBeanServer$1(Ljava/util/Map$Entry;)V+18 java.management@17.0.8
j  java.lang.management.ManagementFactory$$Lambda$81+0x000000c00101e890.accept(Ljava/lang/Object;)V+4 java.management@17.0.8
j  java.util.stream.ForEachOps$ForEachOp$OfRef.accept(Ljava/lang/Object;)V+5 java.base@17.0.8
j  java.util.Collections$2.tryAdvance(Ljava/util/function/Consumer;)Z+29 java.base@17.0.8
j  java.util.Collections$2.forEachRemaining(Ljava/util/function/Consumer;)V+2 java.base@17.0.8
j  java.util.stream.ReferencePipeline$Head.forEach(Ljava/util/function/Consumer;)V+12 java.base@17.0.8
j  java.util.stream.ReferencePipeline$7$1.accept(Ljava/lang/Object;)V+41 java.base@17.0.8
j  java.util.stream.ReferencePipeline$2$1.accept(Ljava/lang/Object;)V+21 java.base@17.0.8
j  java.util.HashMap$ValueSpliterator.forEachRemaining(Ljava/util/function/Consumer;)V+145 java.base@17.0.8
j  java.util.stream.AbstractPipeline.copyInto(Ljava/util/stream/Sink;Ljava/util/Spliterator;)V+32 java.base@17.0.8
j  java.util.stream.AbstractPipeline.wrapAndCopyInto(Ljava/util/stream/Sink;Ljava/util/Spliterator;)Ljava/util/stream/Sink;+13 java.base@17.0.8
j  java.util.stream.ForEachOps$ForEachOp.evaluateSequential(Ljava/util/stream/PipelineHelper;Ljava/util/Spliterator;)Ljava/lang/Void;+3 java.base@17.0.8
j  java.util.stream.ForEachOps$ForEachOp$OfRef.evaluateSequential(Ljava/util/stream/PipelineHelper;Ljava/util/Spliterator;)Ljava/lang/Object;+3 java.base@17.0.8
j  java.util.stream.AbstractPipeline.evaluate(Ljava/util/stream/TerminalOp;)Ljava/lang/Object;+88 java.base@17.0.8
j  java.util.stream.ReferencePipeline.forEach(Ljava/util/function/Consumer;)V+6 java.base@17.0.8
j  java.lang.management.ManagementFactory.getPlatformMBeanServer()Ljavax/management/MBeanServer;+68 java.management@17.0.8
j  sun.management.jmxremote.ConnectorBootstrap.startLocalConnectorServer()Ljavax/management/remote/JMXConnectorServer;+88 jdk.management.agent@17.0.8
j  jdk.internal.agent.Agent.startLocalManagementAgent()V+13 jdk.management.agent@17.0.8
v  ~StubRoutines::call_stub
V  [libjvm.dylib+0x4674d8]  JavaCalls::call_helper(JavaValue*, methodHandle const&, JavaCallArguments*, JavaThread*)+0x38c
V  [libjvm.dylib+0x466a94]  JavaCalls::call_static(JavaValue*, Klass*, Symbol*, Symbol*, JavaCallArguments*, JavaThread*)+0xc4
V  [libjvm.dylib+0x466b1c]  JavaCalls::call_static(JavaValue*, Klass*, Symbol*, Symbol*, JavaThread*)+0x4c
V  [libjvm.dylib+0x31fcbc]  JMXStartLocalDCmd::execute(DCmdSource, JavaThread*)+0xf8
V  [libjvm.dylib+0x326124]  DCmd::parse_and_execute(DCmdSource, outputStream*, char const*, char, JavaThread*)+0x24c
V  [libjvm.dylib+0x13a544]  jcmd(AttachOperation*, outputStream*)+0x3c
V  [libjvm.dylib+0x139e14]  attach_listener_thread_entry(JavaThread*, JavaThread*)+0x29c
V  [libjvm.dylib+0x917bbc]  JavaThread::thread_main_inner()+0x148
V  [libjvm.dylib+0x9164b8]  Thread::call_run()+0x128
V  [libjvm.dylib+0x7b50b8]  thread_native_entry(Thread*)+0x158
C  [libsystem_pthread.dylib+0x706c]  _pthread_start+0x94


siginfo: si_signo: 10 (SIGBUS), si_code: 1 (BUS_ADRALN), si_addr: 0x000000012b8014e4

Register to memory mapping:

 x0={method} {0x000000c00030a000} 'keySet' '()Ljava/util/Set;' in 'java/util/TreeMap'
 x1=0x00000000cafebabe is an unknown value
 x2=0x000000017145cdb8 is pointing into the stack for thread: 0x000000013b917200
 x3=0x0000000000000001 is an unknown value
 x4=0x000000017145cf90 is pointing into the stack for thread: 0x000000013b917200
 x5=0x000000017145cf90 is pointing into the stack for thread: 0x000000013b917200
 x6=0x0000000084000004 is an unknown value
 x7=0x00000007868d02a0 is an oop: java.lang.CharacterDataLatin1 
{0x00000007868d02a0} - klass: 'java/lang/CharacterDataLatin1'
 - ---- fields (total size 2 words):
 x8=0x000000012b8014e0 is at begin+0 in a stub
StubRoutines::SafeFetch32 [0x000000012b8014e0, 0x000000012b8014ec] (12 bytes)
 x9=0x000000017145d560 is pointing into the stack for thread: 0x000000013b917200
x10=0x0 is NULL
x11=0x000000017145d580 is pointing into the stack for thread: 0x000000013b917200
x12=0x00000000000000ab is an unknown value
x13=0x0 is NULL
x14=0x0000000787f377c0 is pointing into object: java.lang.reflect.Method 
{0x0000000787f377b0} - klass: 'java/lang/reflect/Method'
 - ---- fields (total size 11 words):
 - 'override' 'Z' @12  false
 - volatile 'accessCheckCache' 'Ljava/lang/Object;' @16  NULL (0)
 - private volatile transient 'hasRealParameterData' 'Z' @13  false
 - private volatile transient 'parameters' '[Ljava/lang/reflect/Parameter;' @20  NULL (0)
 - private volatile transient 'declaredAnnotations' 'Ljava/util/Map;' @24  NULL (0)
 - private 'slot' 'I' @28  19 (13)
 - private synchronized 'modifiers' 'I' @32  1
 - private synchronized 'clazz' 'Ljava/lang/Class;' @36  a 'java/lang/Class'{0x0000000787f353c8} = 'java/lang/management/ThreadMXBean' (f0fe6a79)
 - private 'name' 'Ljava/lang/String;' @40  "dumpAllThreads"{0x0000000787f37700} (f0fe6ee0)
 - private 'returnType' 'Ljava/lang/Class;' @44  a 'java/lang/Class'{0x0000000787f36f00} = 'java/lang/management/ThreadInfo'[] (f0fe6de0)
 - private 'parameterTypes' '[Ljava/lang/Class;' @48  a 'java/lang/Class'[3] {0x0000000787f37790} (f0fe6ef2)
 - private 'exceptionTypes' '[Ljava/lang/Class;' @52  a 'java/lang/Class'[0] {0x00000007868074e0} (f0d00e9c)
 - private transient 'signature' 'Ljava/lang/String;' @56  NULL (0)
 - private transient 'genericInfo' 'Lsun/reflect/generics/repository/MethodRepository;' @60  NULL (0)
 - private 'annotations' '[B' @64  NULL (0)
 - private 'parameterAnnotations' '[B' @68  NULL (0)
 - private 'annotationDefault' '[B' @72  NULL (0)
 - private volatile 'methodAccessor' 'Ljdk/internal/reflect/MethodAccessor;' @76  NULL (0)
 - private 'root' 'Ljava/lang/reflect/Method;' @80  NULL (0)
x15=0x0 is NULL
x16=0x00000001abc48e9c: pthread_getspecific+0 in /usr/lib/system/libsystem_pthread.dylib at 0x00000001abc47000
x17=0x0000600003d82530 points into unknown readable memory: 0xfffffffffffffffe | fe ff ff ff ff ff ff ff
x18=0x0 is NULL
x19={method} {0x000000c00030a000} 'keySet' '()Ljava/util/Set;' in 'java/util/TreeMap'
x20=0x000000013b917200 is a thread
x21=0x0000000000000001 is an unknown value
x22=0x00000001027b8530: _ZN12StubRoutines25_call_stub_return_addressE+0 in /Library/Java/JavaVirtualMachines/jdk-17.jdk/Contents/Home/lib/server/libjvm.dylib at 0x0000000101c0c000
x23=0x00000001027b8788: _ZN12StubRoutines18_safefetch32_entryE+0 in /Library/Java/JavaVirtualMachines/jdk-17.jdk/Contents/Home/lib/server/libjvm.dylib at 0x0000000101c0c000
x24=0x00000000cafebabe is an unknown value
x25=0x000000017145d540 is pointing into the stack for thread: 0x000000013b917200
x26=0x0000000140010364 points into unknown readable memory: 00 00 00 00
x27=0x00000001400143d8 points into unknown readable memory: 0x0000000000000127 | 27 01 00 00 00 00 00 00
x28=0x000000012b805e18 is at code_begin+1496 in an Interpreter codelet
return entry points  [0x000000012b805840, 0x000000012b8062c0]  2688 bytes


Registers:
 x0=0x000000c00030a000  x1=0x00000000cafebabe  x2=0x000000017145cdb8  x3=0x0000000000000001
 x4=0x000000017145cf90  x5=0x000000017145cf90  x6=0x0000000084000004  x7=0x00000007868d02a0
 x8=0x000000012b8014e0  x9=0x000000017145d560 x10=0x0000000000000000 x11=0x000000017145d580
x12=0x00000000000000ab x13=0x0000000000000000 x14=0x0000000787f377c0 x15=0x0000000000000000
x16=0x00000001abc48e9c x17=0x0000600003d82530 x18=0x0000000000000000 x19=0x000000c00030a000
x20=0x000000013b917200 x21=0x0000000000000001 x22=0x00000001027b8530 x23=0x00000001027b8788
x24=0x00000000cafebabe x25=0x000000017145d540 x26=0x0000000140010364 x27=0x00000001400143d8
x28=0x000000012b805e18  fp=0x000000017145cc80  lr=0x00000001023bd65c  sp=0x000000017145cc50
pc=0x000000012b8014e4 cpsr=0x0000000060001000
Top of Stack: (sp=0x000000017145cc50)
0x000000017145cc50:   000000017145d5d0 000000017145d560
0x000000017145cc60:   00000001027b8530 000000c00030a108
0x000000017145cc70:   000000c00030a000 000000c00030a160
0x000000017145cc80:   000000017145cca0 00000001023bdc5c
0x000000017145cc90:   000000017145cd00 000000c00030a108
0x000000017145cca0:   000000017145ccc0 000000010236e598
0x000000017145ccb0:   000000017145cd00 000000013b917200
0x000000017145ccc0:   000000017145ccf0 0000000101f6628c
0x000000017145ccd0:   00000001027b8530 000000012b805590
0x000000017145cce0:   000000012b805e18 000000013b917200
0x000000017145ccf0:   000000017145cd70 0000000101f66168
0x000000017145cd00:   000000017145d560 000000012b805e18
0x000000017145cd10:   000000012b805590 0000000100000000
0x000000017145cd20:   000000017145d5d0 000000017145d540
0x000000017145cd30:   0000000140010364 000000013b9174a8
0x000000017145cd40:   000000013b917200 000000017145cf90
0x000000017145cd50:   000000012b805590 000000012b805e18
0x000000017145cd60:   000000013b917200 000000017145ce80
0x000000017145cd70:   000000017145ce10 00000001025352b8
0x000000017145cd80:   0000600004ed9ec0 0000600002b93660
0x000000017145cd90:   0000600002b93680 0000600002b93748
0x000000017145cda0:   00000000000000d8 000000017145d338
0x000000017145cdb0:   000000017145d4d0 000000017145d550
0x000000017145cdc0:   000000017145d4d0 000000012b805e18
0x000000017145cdd0:   000000012b805590 0000000100000000
0x000000017145cde0:   000000017145d550 000000017145d4d0
0x000000017145cdf0:   0000000000000800 000000013b917200
0x000000017145ce00:   0000000000000800 000000017145cef0
0x000000017145ce10:   000000017145ced0 0000000101f63010
0x000000017145ce20:   000000017145d0d8 000000017145d018
0x000000017145ce30:   3b9baf18ddd70071 3b9baf18ddd70071
0x000000017145ce40:   00000000000000b3 000000013c3ab4f8 

Instructions: (pc=0x000000012b8014e4)
0x000000012b8013e4:   1e614000 1400003a d29c2809 f2a04f09
0x000000012b8013f4:   f2c00029 6d425935 1e640886 0c402d31
0x000000012b801404:   1e6408c7 1f5654d0 1e6c1017 1f5050d0
0x000000012b801414:   1f504cd0 1f5048d0 1e650af6 1f50d8f6
0x000000012b801424:   1f5694d6 1f5158f6 1e762880 36000501
0x000000012b801434:   1e614000 14000026 2e251ca5 d29c3009
0x000000012b801444:   f2a04f09 f2c00029 6d425d36 1e600806
0x000000012b801454:   0c402d32 1f5758c7 1e6c101a 1f4754c7
0x000000012b801464:   1e650805 1f4750c7 d2866668 f2a7fa68
0x000000012b801474:   1f474cc7 1e6608c0 1f4748c7 1e6e1019
0x000000012b801484:   eb08007f 540000ac 1f479400 1f460340
0x000000012b801494:   1e603b20 1400000e d2a7fd29 eb09007f
0x000000012b8014a4:   540000ac 51480069 d3607d29 9e670121
0x000000012b8014b4:   14000002 1e6a5001 1f679417 1f668742
0x000000012b8014c4:   1e613b23 1e773857 1e773860 a8c17ff3
0x000000012b8014d4:   910003bf a8c17bfd d65f03c0 b9400001
0x000000012b8014e4:   aa0103e0 d65f03c0 f9400001 aa0103e0
0x000000012b8014f4:   d65f03c0 00000000 00000000 00000000
0x000000012b801504:   00000000 00000000 00000000 00000000
0x000000012b801514:   00000000 00000000 00000000 00000000
0x000000012b801524:   00000000 00000000 00000000 00000000
0x000000012b801534:   00000000 00000000 00000000 00000000
0x000000012b801544:   00000000 00000000 00000000 00000000
0x000000012b801554:   00000000 00000000 00000000 00000000
0x000000012b801564:   00000000 00000000 00000000 00000000
0x000000012b801574:   00000000 00000000 00000000 00000000
0x000000012b801584:   00000000 00000000 00000000 00000000
0x000000012b801594:   00000000 00000000 00000000 00000000
0x000000012b8015a4:   00000000 00000000 00000000 00000000
0x000000012b8015b4:   00000000 00000000 00000000 00000000
0x000000012b8015c4:   00000000 00000000 00000000 00000000
0x000000012b8015d4:   00000000 00000000 00000000 00000000 


Stack slot to memory mapping:
stack at sp + 0 slots: 0x000000017145d5d0 is pointing into the stack for thread: 0x000000013b917200
stack at sp + 1 slots: 0x000000017145d560 is pointing into the stack for thread: 0x000000013b917200
stack at sp + 2 slots: 0x00000001027b8530: _ZN12StubRoutines25_call_stub_return_addressE+0 in /Library/Java/JavaVirtualMachines/jdk-17.jdk/Contents/Home/lib/server/libjvm.dylib at 0x0000000101c0c000
stack at sp + 3 slots: {method} {0x000000c00030a108} 'entrySet' '()Ljava/util/Set;' in 'java/util/TreeMap'
stack at sp + 4 slots: {method} {0x000000c00030a000} 'keySet' '()Ljava/util/Set;' in 'java/util/TreeMap'
stack at sp + 5 slots: {method} {0x000000c00030a160} 'size' '()I' in 'java/util/TreeMap'
stack at sp + 6 slots: 0x000000017145cca0 is pointing into the stack for thread: 0x000000013b917200
stack at sp + 7 slots: 0x00000001023bdc5c: _ZN2os17is_readable_rangeEPKvS1_+0x2c in /Library/Java/JavaVirtualMachines/jdk-17.jdk/Contents/Home/lib/server/libjvm.dylib at 0x0000000101c0c000

StubRoutines::SafeFetch32 [0x000000012b8014e0, 0x000000012b8014ec] (12 bytes)
[MachCode]
  0x000000012b8014e0: 0100 40b9 | e003 01aa | c003 5fd6 
[/MachCode]

---------------  P R O C E S S  ---------------

Threads class SMR info:
_java_thread_list=0x0000600001f5e0e0, length=15, elements={
0x000000010b0c7200, 0x000000013b911400, 0x000000012b08d000, 0x000000013b919200,
0x000000013b916600, 0x000000013b916c00, 0x000000010b169000, 0x000000010b169600,
0x000000010b16ae00, 0x000000013b917200, 0x000000013b01b600, 0x000000013b339600,
0x000000013b33b200, 0x000000013b917800, 0x000000012b0e6400
}

Java Threads: ( => current thread )
  0x000000010b0c7200 JavaThread "main" [_thread_blocked, id=5123, stack(0x000000016f290000,0x000000016f493000)]
  0x000000013b911400 JavaThread "Reference Handler" daemon [_thread_blocked, id=17667, stack(0x00000001700e4000,0x00000001702e7000)]
  0x000000012b08d000 JavaThread "Finalizer" daemon [_thread_blocked, id=18691, stack(0x00000001702f0000,0x00000001704f3000)]
  0x000000013b919200 JavaThread "Signal Dispatcher" daemon [_thread_blocked, id=30979, stack(0x0000000170614000,0x0000000170817000)]
  0x000000013b916600 JavaThread "Service Thread" daemon [_thread_blocked, id=22787, stack(0x0000000170820000,0x0000000170a23000)]
  0x000000013b916c00 JavaThread "Monitor Deflation Thread" daemon [_thread_blocked, id=30211, stack(0x0000000170a2c000,0x0000000170c2f000)]
  0x000000010b169000 JavaThread "C1 CompilerThread0" daemon [_thread_blocked, id=23299, stack(0x0000000170c38000,0x0000000170e3b000)]
  0x000000010b169600 JavaThread "Sweeper thread" daemon [_thread_blocked, id=23811, stack(0x0000000170e44000,0x0000000171047000)]
  0x000000010b16ae00 JavaThread "Common-Cleaner" daemon [_thread_blocked, id=29955, stack(0x0000000171050000,0x0000000171253000)]
=>0x000000013b917200 JavaThread "Attach Listener" daemon [_thread_in_Java, id=24579, stack(0x000000017125c000,0x000000017145f000)]
  0x000000013b01b600 JavaThread "Monitor Ctrl-Break" daemon [_thread_in_native, id=25091, stack(0x0000000171468000,0x000000017166b000)]
  0x000000013b339600 JavaThread "JFR Recorder Thread" daemon [_thread_blocked, id=25347, stack(0x0000000171674000,0x0000000171877000)]
  0x000000013b33b200 JavaThread "JFR Periodic Tasks" daemon [_thread_blocked, id=28931, stack(0x0000000171880000,0x0000000171a83000)]
  0x000000013b917800 JavaThread "Async-profiler Timer" daemon [_thread_in_native, id=27139, stack(0x0000000172348000,0x000000017254b000)]
  0x000000012b0e6400 JavaThread "Notification Thread" daemon [_thread_blocked, id=33027, stack(0x0000000172554000,0x0000000172757000)]

Other Threads:
  0x000000013af68c80 VMThread "VM Thread" [stack: 0x000000016fed8000,0x00000001700db000] [id=19459]
  0x000000010ae6e080 GCTaskThread "GC Thread#0" [stack: 0x000000016f49c000,0x000000016f69f000] [id=12547]
  0x000000010ae8f580 GCTaskThread "GC Thread#1" [stack: 0x0000000171a8c000,0x0000000171c8f000] [id=28419]
  0x000000010ae8f830 GCTaskThread "GC Thread#2" [stack: 0x0000000171c98000,0x0000000171e9b000] [id=27907]
  0x000000013af7fed0 GCTaskThread "GC Thread#3" [stack: 0x0000000171ea4000,0x00000001720a7000] [id=25603]
  0x000000010ae6e730 ConcurrentGCThread "G1 Main Marker" [stack: 0x000000016f6a8000,0x000000016f8ab000] [id=12803]
  0x000000010ae6efb0 ConcurrentGCThread "G1 Conc#0" [stack: 0x000000016f8b4000,0x000000016fab7000] [id=14083]
  0x000000010ae70e20 ConcurrentGCThread "G1 Refine#0" [stack: 0x000000016fac0000,0x000000016fcc3000] [id=21507]
  0x000000010b9064e0 ConcurrentGCThread "G1 Refine#1" [stack: 0x00000001720b0000,0x00000001722b3000] [id=26371]
  0x000000010ae716c0 ConcurrentGCThread "G1 Service" [stack: 0x000000016fccc000,0x000000016fecf000] [id=16643]

Threads with active compile tasks:

VM state: not at safepoint (normal execution)

VM Mutex/Monitor currently owned by a thread: None

Heap address: 0x0000000780000000, size: 2048 MB, Compressed Oops mode: Zero based, Oop shift amount: 3

CDS archive(s) mapped at: [0x000000c000000000-0x000000c000be4000-0x000000c000be4000), size 12468224, SharedBaseAddress: 0x000000c000000000, ArchiveRelocationMode: 1.
Compressed class space mapped at: 0x000000c001000000-0x000000c041000000, reserved size: 1073741824
Narrow klass base: 0x000000c000000000, Narrow klass shift: 0, Narrow klass range: 0x100000000

GC Precious Log:
 CPUs: 8 total, 8 available
 Memory: 8192M
 Large Page Support: Disabled
 NUMA Support: Disabled
 Compressed Oops: Enabled (Zero based)
 Heap Region Size: 1M
 Heap Min Capacity: 8M
 Heap Initial Capacity: 128M
 Heap Max Capacity: 2G
 Pre-touch: Disabled
 Parallel Workers: 8
 Concurrent Workers: 2
 Concurrent Refinement Workers: 8
 Periodic GC: Disabled

Heap:
 garbage-first heap   total 133120K, used 8860K [0x0000000780000000, 0x0000000800000000)
  region size 1024K, 5 young (5120K), 3 survivors (3072K)
 Metaspace       used 4384K, committed 4544K, reserved 1114112K
  class space    used 528K, committed 640K, reserved 1048576K

Heap Regions: E=young(eden), S=young(survivor), O=old, HS=humongous(starts), HC=humongous(continues), CS=collection set, F=free, OA=open archive, CA=closed archive, TAMS=top-at-mark-start (previous, next)
|   0|0x0000000780000000, 0x0000000780100000, 0x0000000780100000|100%|HS|  |TAMS 0x0000000780000000, 0x0000000780000000| Complete 
|   1|0x0000000780100000, 0x0000000780200000, 0x0000000780200000|100%| O|  |TAMS 0x0000000780100000, 0x0000000780100000| Untracked 
|   2|0x0000000780200000, 0x0000000780300000, 0x0000000780300000|100%| O|  |TAMS 0x0000000780200000, 0x0000000780200000| Untracked 
|   3|0x0000000780300000, 0x00000007803af200, 0x0000000780400000| 68%| O|  |TAMS 0x0000000780300000, 0x0000000780300000| Untracked 
|   4|0x0000000780400000, 0x0000000780400000, 0x0000000780500000|  0%| F|  |TAMS 0x0000000780400000, 0x0000000780400000| Untracked 
|   5|0x0000000780500000, 0x0000000780500000, 0x0000000780600000|  0%| F|  |TAMS 0x0000000780500000, 0x0000000780500000| Untracked 
|   6|0x0000000780600000, 0x0000000780600000, 0x0000000780700000|  0%| F|  |TAMS 0x0000000780600000, 0x0000000780600000| Untracked 
|   7|0x0000000780700000, 0x0000000780700000, 0x0000000780800000|  0%| F|  |TAMS 0x0000000780700000, 0x0000000780700000| Untracked 
|   8|0x0000000780800000, 0x0000000780800000, 0x0000000780900000|  0%| F|  |TAMS 0x0000000780800000, 0x0000000780800000| Untracked 
|   9|0x0000000780900000, 0x0000000780900000, 0x0000000780a00000|  0%| F|  |TAMS 0x0000000780900000, 0x0000000780900000| Untracked 
|  10|0x0000000780a00000, 0x0000000780a00000, 0x0000000780b00000|  0%| F|  |TAMS 0x0000000780a00000, 0x0000000780a00000| Untracked 
|  11|0x0000000780b00000, 0x0000000780b00000, 0x0000000780c00000|  0%| F|  |TAMS 0x0000000780b00000, 0x0000000780b00000| Untracked 
|  12|0x0000000780c00000, 0x0000000780c00000, 0x0000000780d00000|  0%| F|  |TAMS 0x0000000780c00000, 0x0000000780c00000| Untracked 
|  13|0x0000000780d00000, 0x0000000780d00000, 0x0000000780e00000|  0%| F|  |TAMS 0x0000000780d00000, 0x0000000780d00000| Untracked 
|  14|0x0000000780e00000, 0x0000000780e00000, 0x0000000780f00000|  0%| F|  |TAMS 0x0000000780e00000, 0x0000000780e00000| Untracked 
|  15|0x0000000780f00000, 0x0000000780f00000, 0x0000000781000000|  0%| F|  |TAMS 0x0000000780f00000, 0x0000000780f00000| Untracked 
|  16|0x0000000781000000, 0x0000000781000000, 0x0000000781100000|  0%| F|  |TAMS 0x0000000781000000, 0x0000000781000000| Untracked 
|  17|0x0000000781100000, 0x0000000781100000, 0x0000000781200000|  0%| F|  |TAMS 0x0000000781100000, 0x0000000781100000| Untracked 
|  18|0x0000000781200000, 0x0000000781200000, 0x0000000781300000|  0%| F|  |TAMS 0x0000000781200000, 0x0000000781200000| Untracked 
|  19|0x0000000781300000, 0x0000000781300000, 0x0000000781400000|  0%| F|  |TAMS 0x0000000781300000, 0x0000000781300000| Untracked 
|  20|0x0000000781400000, 0x0000000781400000, 0x0000000781500000|  0%| F|  |TAMS 0x0000000781400000, 0x0000000781400000| Untracked 
|  21|0x0000000781500000, 0x0000000781500000, 0x0000000781600000|  0%| F|  |TAMS 0x0000000781500000, 0x0000000781500000| Untracked 
|  22|0x0000000781600000, 0x0000000781600000, 0x0000000781700000|  0%| F|  |TAMS 0x0000000781600000, 0x0000000781600000| Untracked 
|  23|0x0000000781700000, 0x0000000781700000, 0x0000000781800000|  0%| F|  |TAMS 0x0000000781700000, 0x0000000781700000| Untracked 
|  24|0x0000000781800000, 0x0000000781800000, 0x0000000781900000|  0%| F|  |TAMS 0x0000000781800000, 0x0000000781800000| Untracked 
|  25|0x0000000781900000, 0x0000000781900000, 0x0000000781a00000|  0%| F|  |TAMS 0x0000000781900000, 0x0000000781900000| Untracked 
|  26|0x0000000781a00000, 0x0000000781a00000, 0x0000000781b00000|  0%| F|  |TAMS 0x0000000781a00000, 0x0000000781a00000| Untracked 
|  27|0x0000000781b00000, 0x0000000781b00000, 0x0000000781c00000|  0%| F|  |TAMS 0x0000000781b00000, 0x0000000781b00000| Untracked 
|  28|0x0000000781c00000, 0x0000000781c00000, 0x0000000781d00000|  0%| F|  |TAMS 0x0000000781c00000, 0x0000000781c00000| Untracked 
|  29|0x0000000781d00000, 0x0000000781d00000, 0x0000000781e00000|  0%| F|  |TAMS 0x0000000781d00000, 0x0000000781d00000| Untracked 
|  30|0x0000000781e00000, 0x0000000781e00000, 0x0000000781f00000|  0%| F|  |TAMS 0x0000000781e00000, 0x0000000781e00000| Untracked 
|  31|0x0000000781f00000, 0x0000000781f00000, 0x0000000782000000|  0%| F|  |TAMS 0x0000000781f00000, 0x0000000781f00000| Untracked 
|  32|0x0000000782000000, 0x0000000782000000, 0x0000000782100000|  0%| F|  |TAMS 0x0000000782000000, 0x0000000782000000| Untracked 
|  33|0x0000000782100000, 0x0000000782100000, 0x0000000782200000|  0%| F|  |TAMS 0x0000000782100000, 0x0000000782100000| Untracked 
|  34|0x0000000782200000, 0x0000000782200000, 0x0000000782300000|  0%| F|  |TAMS 0x0000000782200000, 0x0000000782200000| Untracked 
|  35|0x0000000782300000, 0x0000000782300000, 0x0000000782400000|  0%| F|  |TAMS 0x0000000782300000, 0x0000000782300000| Untracked 
|  36|0x0000000782400000, 0x0000000782400000, 0x0000000782500000|  0%| F|  |TAMS 0x0000000782400000, 0x0000000782400000| Untracked 
|  37|0x0000000782500000, 0x0000000782500000, 0x0000000782600000|  0%| F|  |TAMS 0x0000000782500000, 0x0000000782500000| Untracked 
|  38|0x0000000782600000, 0x0000000782600000, 0x0000000782700000|  0%| F|  |TAMS 0x0000000782600000, 0x0000000782600000| Untracked 
|  39|0x0000000782700000, 0x0000000782700000, 0x0000000782800000|  0%| F|  |TAMS 0x0000000782700000, 0x0000000782700000| Untracked 
|  40|0x0000000782800000, 0x0000000782800000, 0x0000000782900000|  0%| F|  |TAMS 0x0000000782800000, 0x0000000782800000| Untracked 
|  41|0x0000000782900000, 0x0000000782900000, 0x0000000782a00000|  0%| F|  |TAMS 0x0000000782900000, 0x0000000782900000| Untracked 
|  42|0x0000000782a00000, 0x0000000782a00000, 0x0000000782b00000|  0%| F|  |TAMS 0x0000000782a00000, 0x0000000782a00000| Untracked 
|  43|0x0000000782b00000, 0x0000000782b00000, 0x0000000782c00000|  0%| F|  |TAMS 0x0000000782b00000, 0x0000000782b00000| Untracked 
|  44|0x0000000782c00000, 0x0000000782c00000, 0x0000000782d00000|  0%| F|  |TAMS 0x0000000782c00000, 0x0000000782c00000| Untracked 
|  45|0x0000000782d00000, 0x0000000782d00000, 0x0000000782e00000|  0%| F|  |TAMS 0x0000000782d00000, 0x0000000782d00000| Untracked 
|  46|0x0000000782e00000, 0x0000000782e00000, 0x0000000782f00000|  0%| F|  |TAMS 0x0000000782e00000, 0x0000000782e00000| Untracked 
|  47|0x0000000782f00000, 0x0000000782f00000, 0x0000000783000000|  0%| F|  |TAMS 0x0000000782f00000, 0x0000000782f00000| Untracked 
|  48|0x0000000783000000, 0x0000000783000000, 0x0000000783100000|  0%| F|  |TAMS 0x0000000783000000, 0x0000000783000000| Untracked 
|  49|0x0000000783100000, 0x0000000783100000, 0x0000000783200000|  0%| F|  |TAMS 0x0000000783100000, 0x0000000783100000| Untracked 
|  50|0x0000000783200000, 0x0000000783200000, 0x0000000783300000|  0%| F|  |TAMS 0x0000000783200000, 0x0000000783200000| Untracked 
|  51|0x0000000783300000, 0x0000000783300000, 0x0000000783400000|  0%| F|  |TAMS 0x0000000783300000, 0x0000000783300000| Untracked 
|  52|0x0000000783400000, 0x0000000783400000, 0x0000000783500000|  0%| F|  |TAMS 0x0000000783400000, 0x0000000783400000| Untracked 
|  53|0x0000000783500000, 0x0000000783500000, 0x0000000783600000|  0%| F|  |TAMS 0x0000000783500000, 0x0000000783500000| Untracked 
|  54|0x0000000783600000, 0x0000000783600000, 0x0000000783700000|  0%| F|  |TAMS 0x0000000783600000, 0x0000000783600000| Untracked 
|  55|0x0000000783700000, 0x0000000783700000, 0x0000000783800000|  0%| F|  |TAMS 0x0000000783700000, 0x0000000783700000| Untracked 
|  56|0x0000000783800000, 0x0000000783800000, 0x0000000783900000|  0%| F|  |TAMS 0x0000000783800000, 0x0000000783800000| Untracked 
|  57|0x0000000783900000, 0x0000000783900000, 0x0000000783a00000|  0%| F|  |TAMS 0x0000000783900000, 0x0000000783900000| Untracked 
|  58|0x0000000783a00000, 0x0000000783a00000, 0x0000000783b00000|  0%| F|  |TAMS 0x0000000783a00000, 0x0000000783a00000| Untracked 
|  59|0x0000000783b00000, 0x0000000783b00000, 0x0000000783c00000|  0%| F|  |TAMS 0x0000000783b00000, 0x0000000783b00000| Untracked 
|  60|0x0000000783c00000, 0x0000000783c00000, 0x0000000783d00000|  0%| F|  |TAMS 0x0000000783c00000, 0x0000000783c00000| Untracked 
|  61|0x0000000783d00000, 0x0000000783d00000, 0x0000000783e00000|  0%| F|  |TAMS 0x0000000783d00000, 0x0000000783d00000| Untracked 
|  62|0x0000000783e00000, 0x0000000783e00000, 0x0000000783f00000|  0%| F|  |TAMS 0x0000000783e00000, 0x0000000783e00000| Untracked 
|  63|0x0000000783f00000, 0x0000000783f00000, 0x0000000784000000|  0%| F|  |TAMS 0x0000000783f00000, 0x0000000783f00000| Untracked 
|  64|0x0000000784000000, 0x0000000784000000, 0x0000000784100000|  0%| F|  |TAMS 0x0000000784000000, 0x0000000784000000| Untracked 
|  65|0x0000000784100000, 0x0000000784100000, 0x0000000784200000|  0%| F|  |TAMS 0x0000000784100000, 0x0000000784100000| Untracked 
|  66|0x0000000784200000, 0x0000000784200000, 0x0000000784300000|  0%| F|  |TAMS 0x0000000784200000, 0x0000000784200000| Untracked 
|  67|0x0000000784300000, 0x0000000784300000, 0x0000000784400000|  0%| F|  |TAMS 0x0000000784300000, 0x0000000784300000| Untracked 
|  68|0x0000000784400000, 0x0000000784400000, 0x0000000784500000|  0%| F|  |TAMS 0x0000000784400000, 0x0000000784400000| Untracked 
|  69|0x0000000784500000, 0x0000000784500000, 0x0000000784600000|  0%| F|  |TAMS 0x0000000784500000, 0x0000000784500000| Untracked 
|  70|0x0000000784600000, 0x0000000784600000, 0x0000000784700000|  0%| F|  |TAMS 0x0000000784600000, 0x0000000784600000| Untracked 
|  71|0x0000000784700000, 0x0000000784700000, 0x0000000784800000|  0%| F|  |TAMS 0x0000000784700000, 0x0000000784700000| Untracked 
|  72|0x0000000784800000, 0x0000000784800000, 0x0000000784900000|  0%| F|  |TAMS 0x0000000784800000, 0x0000000784800000| Untracked 
|  73|0x0000000784900000, 0x0000000784900000, 0x0000000784a00000|  0%| F|  |TAMS 0x0000000784900000, 0x0000000784900000| Untracked 
|  74|0x0000000784a00000, 0x0000000784a00000, 0x0000000784b00000|  0%| F|  |TAMS 0x0000000784a00000, 0x0000000784a00000| Untracked 
|  75|0x0000000784b00000, 0x0000000784b00000, 0x0000000784c00000|  0%| F|  |TAMS 0x0000000784b00000, 0x0000000784b00000| Untracked 
|  76|0x0000000784c00000, 0x0000000784c00000, 0x0000000784d00000|  0%| F|  |TAMS 0x0000000784c00000, 0x0000000784c00000| Untracked 
|  77|0x0000000784d00000, 0x0000000784d00000, 0x0000000784e00000|  0%| F|  |TAMS 0x0000000784d00000, 0x0000000784d00000| Untracked 
|  78|0x0000000784e00000, 0x0000000784e00000, 0x0000000784f00000|  0%| F|  |TAMS 0x0000000784e00000, 0x0000000784e00000| Untracked 
|  79|0x0000000784f00000, 0x0000000784f00000, 0x0000000785000000|  0%| F|  |TAMS 0x0000000784f00000, 0x0000000784f00000| Untracked 
|  80|0x0000000785000000, 0x0000000785000000, 0x0000000785100000|  0%| F|  |TAMS 0x0000000785000000, 0x0000000785000000| Untracked 
|  81|0x0000000785100000, 0x0000000785100000, 0x0000000785200000|  0%| F|  |TAMS 0x0000000785100000, 0x0000000785100000| Untracked 
|  82|0x0000000785200000, 0x0000000785200000, 0x0000000785300000|  0%| F|  |TAMS 0x0000000785200000, 0x0000000785200000| Untracked 
|  83|0x0000000785300000, 0x0000000785300000, 0x0000000785400000|  0%| F|  |TAMS 0x0000000785300000, 0x0000000785300000| Untracked 
|  84|0x0000000785400000, 0x0000000785400000, 0x0000000785500000|  0%| F|  |TAMS 0x0000000785400000, 0x0000000785400000| Untracked 
|  85|0x0000000785500000, 0x0000000785500000, 0x0000000785600000|  0%| F|  |TAMS 0x0000000785500000, 0x0000000785500000| Untracked 
|  86|0x0000000785600000, 0x0000000785600000, 0x0000000785700000|  0%| F|  |TAMS 0x0000000785600000, 0x0000000785600000| Untracked 
|  87|0x0000000785700000, 0x0000000785700000, 0x0000000785800000|  0%| F|  |TAMS 0x0000000785700000, 0x0000000785700000| Untracked 
|  88|0x0000000785800000, 0x0000000785800000, 0x0000000785900000|  0%| F|  |TAMS 0x0000000785800000, 0x0000000785800000| Untracked 
|  89|0x0000000785900000, 0x0000000785900000, 0x0000000785a00000|  0%| F|  |TAMS 0x0000000785900000, 0x0000000785900000| Untracked 
|  90|0x0000000785a00000, 0x0000000785a00000, 0x0000000785b00000|  0%| F|  |TAMS 0x0000000785a00000, 0x0000000785a00000| Untracked 
|  91|0x0000000785b00000, 0x0000000785b00000, 0x0000000785c00000|  0%| F|  |TAMS 0x0000000785b00000, 0x0000000785b00000| Untracked 
|  92|0x0000000785c00000, 0x0000000785c00000, 0x0000000785d00000|  0%| F|  |TAMS 0x0000000785c00000, 0x0000000785c00000| Untracked 
|  93|0x0000000785d00000, 0x0000000785d00000, 0x0000000785e00000|  0%| F|  |TAMS 0x0000000785d00000, 0x0000000785d00000| Untracked 
|  94|0x0000000785e00000, 0x0000000785e00000, 0x0000000785f00000|  0%| F|  |TAMS 0x0000000785e00000, 0x0000000785e00000| Untracked 
|  95|0x0000000785f00000, 0x0000000785f00000, 0x0000000786000000|  0%| F|  |TAMS 0x0000000785f00000, 0x0000000785f00000| Untracked 
|  96|0x0000000786000000, 0x0000000786000000, 0x0000000786100000|  0%| F|  |TAMS 0x0000000786000000, 0x0000000786000000| Untracked 
|  97|0x0000000786100000, 0x0000000786100000, 0x0000000786200000|  0%| F|  |TAMS 0x0000000786100000, 0x0000000786100000| Untracked 
|  98|0x0000000786200000, 0x0000000786200000, 0x0000000786300000|  0%| F|  |TAMS 0x0000000786200000, 0x0000000786200000| Untracked 
|  99|0x0000000786300000, 0x0000000786300000, 0x0000000786400000|  0%| F|  |TAMS 0x0000000786300000, 0x0000000786300000| Untracked 
| 100|0x0000000786400000, 0x0000000786400000, 0x0000000786500000|  0%| F|  |TAMS 0x0000000786400000, 0x0000000786400000| Untracked 
| 101|0x0000000786500000, 0x0000000786500000, 0x0000000786600000|  0%| F|  |TAMS 0x0000000786500000, 0x0000000786500000| Untracked 
| 102|0x0000000786600000, 0x0000000786700000, 0x0000000786700000|100%| S|CS|TAMS 0x0000000786600000, 0x0000000786600000| Complete 
| 103|0x0000000786700000, 0x0000000786800000, 0x0000000786800000|100%| S|CS|TAMS 0x0000000786700000, 0x0000000786700000| Complete 
| 104|0x0000000786800000, 0x0000000786900000, 0x0000000786900000|100%| S|CS|TAMS 0x0000000786800000, 0x0000000786800000| Complete 
| 105|0x0000000786900000, 0x0000000786900000, 0x0000000786a00000|  0%| F|  |TAMS 0x0000000786900000, 0x0000000786900000| Untracked 
| 106|0x0000000786a00000, 0x0000000786a00000, 0x0000000786b00000|  0%| F|  |TAMS 0x0000000786a00000, 0x0000000786a00000| Untracked 
| 107|0x0000000786b00000, 0x0000000786b00000, 0x0000000786c00000|  0%| F|  |TAMS 0x0000000786b00000, 0x0000000786b00000| Untracked 
| 108|0x0000000786c00000, 0x0000000786c00000, 0x0000000786d00000|  0%| F|  |TAMS 0x0000000786c00000, 0x0000000786c00000| Untracked 
| 109|0x0000000786d00000, 0x0000000786d00000, 0x0000000786e00000|  0%| F|  |TAMS 0x0000000786d00000, 0x0000000786d00000| Untracked 
| 110|0x0000000786e00000, 0x0000000786e00000, 0x0000000786f00000|  0%| F|  |TAMS 0x0000000786e00000, 0x0000000786e00000| Untracked 
| 111|0x0000000786f00000, 0x0000000786f00000, 0x0000000787000000|  0%| F|  |TAMS 0x0000000786f00000, 0x0000000786f00000| Untracked 
| 112|0x0000000787000000, 0x0000000787000000, 0x0000000787100000|  0%| F|  |TAMS 0x0000000787000000, 0x0000000787000000| Untracked 
| 113|0x0000000787100000, 0x0000000787100000, 0x0000000787200000|  0%| F|  |TAMS 0x0000000787100000, 0x0000000787100000| Untracked 
| 114|0x0000000787200000, 0x0000000787200000, 0x0000000787300000|  0%| F|  |TAMS 0x0000000787200000, 0x0000000787200000| Untracked 
| 115|0x0000000787300000, 0x0000000787300000, 0x0000000787400000|  0%| F|  |TAMS 0x0000000787300000, 0x0000000787300000| Untracked 
| 116|0x0000000787400000, 0x0000000787400000, 0x0000000787500000|  0%| F|  |TAMS 0x0000000787400000, 0x0000000787400000| Untracked 
| 117|0x0000000787500000, 0x0000000787500000, 0x0000000787600000|  0%| F|  |TAMS 0x0000000787500000, 0x0000000787500000| Untracked 
| 118|0x0000000787600000, 0x0000000787600000, 0x0000000787700000|  0%| F|  |TAMS 0x0000000787600000, 0x0000000787600000| Untracked 
| 119|0x0000000787700000, 0x0000000787700000, 0x0000000787800000|  0%| F|  |TAMS 0x0000000787700000, 0x0000000787700000| Untracked 
| 120|0x0000000787800000, 0x0000000787800000, 0x0000000787900000|  0%| F|  |TAMS 0x0000000787800000, 0x0000000787800000| Untracked 
| 121|0x0000000787900000, 0x0000000787900000, 0x0000000787a00000|  0%| F|  |TAMS 0x0000000787900000, 0x0000000787900000| Untracked 
| 122|0x0000000787a00000, 0x0000000787a00000, 0x0000000787b00000|  0%| F|  |TAMS 0x0000000787a00000, 0x0000000787a00000| Untracked 
| 123|0x0000000787b00000, 0x0000000787b00000, 0x0000000787c00000|  0%| F|  |TAMS 0x0000000787b00000, 0x0000000787b00000| Untracked 
| 124|0x0000000787c00000, 0x0000000787c00000, 0x0000000787d00000|  0%| F|  |TAMS 0x0000000787c00000, 0x0000000787c00000| Untracked 
| 125|0x0000000787d00000, 0x0000000787d00000, 0x0000000787e00000|  0%| F|  |TAMS 0x0000000787d00000, 0x0000000787d00000| Untracked 
| 126|0x0000000787e00000, 0x0000000787e54e68, 0x0000000787f00000| 33%| E|  |TAMS 0x0000000787e00000, 0x0000000787e00000| Complete 
| 127|0x0000000787f00000, 0x0000000788000000, 0x0000000788000000|100%| E|CS|TAMS 0x0000000787f00000, 0x0000000787f00000| Complete 
|2046|0x00000007ffe00000, 0x00000007ffe78000, 0x00000007fff00000| 46%|OA|  |TAMS 0x00000007ffe00000, 0x00000007ffe00000| Untracked 
|2047|0x00000007fff00000, 0x00000007fff80000, 0x0000000800000000| 50%|CA|  |TAMS 0x00000007fff00000, 0x00000007fff00000| Untracked 

Card table byte_map: [0x000000010a734000,0x000000010ab34000] _byte_map_base: 0x0000000106b34000

Marking Bits (Prev, Next): (CMBitMap*) 0x000000010b0e8410, (CMBitMap*) 0x000000010b0e8450
 Prev Bits: [0x000000010e000000, 0x0000000110000000)
 Next Bits: [0x0000000128000000, 0x000000012a000000)

Polling page: 0x0000000100c54000

Metaspace:

Usage:
  Non-class:      3.77 MB used.
      Class:    528.45 KB used.
       Both:      4.28 MB used.

Virtual space:
  Non-class space:       64.00 MB reserved,       3.81 MB (  6%) committed,  1 nodes.
      Class space:        1.00 GB reserved,     640.00 KB ( <1%) committed,  1 nodes.
             Both:        1.06 GB reserved,       4.44 MB ( <1%) committed. 

Chunk freelists:
   Non-Class:  11.88 MB
       Class:  15.24 MB
        Both:  27.12 MB

MaxMetaspaceSize: unlimited
CompressedClassSpaceSize: 1.00 GB
Initial GC threshold: 21.00 MB
Current GC threshold: 21.00 MB
CDS: on
MetaspaceReclaimPolicy: balanced
 - commit_granule_bytes: 65536.
 - commit_granule_words: 8192.
 - virtual_space_node_default_size: 8388608.
 - enlarge_chunks_in_place: 1.
 - new_chunks_are_fully_committed: 0.
 - uncommit_free_chunks: 1.
 - use_allocation_guard: 0.
 - handle_deallocations: 1.


Internal statistics:

num_allocs_failed_limit: 0.
num_arena_births: 96.
num_arena_deaths: 0.
num_vsnodes_births: 2.
num_vsnodes_deaths: 0.
num_space_committed: 71.
num_space_uncommitted: 0.
num_chunks_returned_to_freelist: 0.
num_chunks_taken_from_freelist: 121.
num_chunk_merges: 0.
num_chunk_splits: 70.
num_chunks_enlarged: 32.
num_purges: 0.
num_inconsistent_stats: 0.

CodeCache: size=49152Kb used=3253Kb max_used=3253Kb free=45898Kb
 bounds [0x000000012b800000, 0x000000012bb30000, 0x000000012e800000]
 total_blobs=1615 nmethods=1175 adapters=371
 compilation: enabled
              stopped_count=0, restarted_count=0
 full_count=0

Compilation events (20 events):
Event: 1.445 Thread 0x000000010b169000 nmethod 1146 0x000000012bb21210 code [0x000000012bb213c0, 0x000000012bb215f8]
Event: 1.445 Thread 0x000000010b169000 1148   !   1       sun.reflect.annotation.AnnotationParser::parseAnnotations (37 bytes)
Event: 1.445 Thread 0x000000010b169000 nmethod 1148 0x000000012bb21890 code [0x000000012bb21a40, 0x000000012bb21bf8]
Event: 1.445 Thread 0x000000010b169000 1145       1       java.util.TreeMap::size (5 bytes)
Event: 1.445 Thread 0x000000010b169000 nmethod 1145 0x000000012bb21e90 code [0x000000012bb22000, 0x000000012bb22098]
Event: 1.445 Thread 0x000000010b169000 1141       1       javax.management.openmbean.OpenType::getClassName (5 bytes)
Event: 1.445 Thread 0x000000010b169000 nmethod 1141 0x000000012bb22790 code [0x000000012bb22900, 0x000000012bb22998]
Event: 1.445 Thread 0x000000010b169000 1150       1       java.lang.invoke.LambdaForm$Name::type (5 bytes)
Event: 1.445 Thread 0x000000010b169000 nmethod 1150 0x000000012bb22a90 code [0x000000012bb22c00, 0x000000012bb22c98]
Event: 1.446 Thread 0x000000010b169000 1156   !   1       java.lang.invoke.MemberName$Factory::resolve (159 bytes)
Event: 1.446 Thread 0x000000010b169000 nmethod 1156 0x000000012bb24410 code [0x000000012bb24600, 0x000000012bb24978]
Event: 1.446 Thread 0x000000010b169000 1158       1       java.lang.invoke.MethodHandles$Lookup::isClassAccessible (53 bytes)
Event: 1.446 Thread 0x000000010b169000 nmethod 1158 0x000000012bb24e10 code [0x000000012bb24fc0, 0x000000012bb25258]
Event: 1.446 Thread 0x000000010b169000 1160       1       java.lang.invoke.LambdaForm$Name::useCount (51 bytes)
Event: 1.446 Thread 0x000000010b169000 nmethod 1160 0x000000012bb25f10 code [0x000000012bb260c0, 0x000000012bb26218]
Event: 1.446 Thread 0x000000010b169000 1163       1       java.lang.invoke.MemberName::<init> (50 bytes)
Event: 1.446 Thread 0x000000010b169000 nmethod 1163 0x000000012bb26410 code [0x000000012bb265c0, 0x000000012bb26798]
Event: 1.446 Thread 0x000000010b169000 1165       1       java.lang.invoke.MemberName::checkForTypeAlias (172 bytes)
Event: 1.446 Thread 0x000000010b169000 nmethod 1165 0x000000012bb27590 code [0x000000012bb278c0, 0x000000012bb28418]
Event: 1.446 Thread 0x000000010b169000 1176       1       java.util.TreeMap::put (221 bytes)

GC Heap History (2 events):
Event: 1.437 GC heap before
{Heap before GC invocations=0 (full 0):
 garbage-first heap   total 133120K, used 25568K [0x0000000780000000, 0x0000000800000000)
  region size 1024K, 23 young (23552K), 0 survivors (0K)
 Metaspace       used 4093K, committed 4224K, reserved 1114112K
  class space    used 485K, committed 512K, reserved 1048576K
}
Event: 1.439 GC heap after
{Heap after GC invocations=1 (full 0):
 garbage-first heap   total 133120K, used 7836K [0x0000000780000000, 0x0000000800000000)
  region size 1024K, 3 young (3072K), 3 survivors (3072K)
 Metaspace       used 4093K, committed 4224K, reserved 1114112K
  class space    used 485K, committed 512K, reserved 1048576K
}

Deoptimization events (4 events):
Event: 1.376 Thread 0x000000010b0c7200 DEOPT PACKING pc=0x000000012ba35c98 sp=0x000000016f490970
Event: 1.376 Thread 0x000000010b0c7200 DEOPT UNPACKING pc=0x000000012b83eb7c sp=0x000000016f490660 mode 3
Event: 1.382 Thread 0x000000010b0c7200 DEOPT PACKING pc=0x000000012b9fb30c sp=0x000000016f491a20
Event: 1.382 Thread 0x000000010b0c7200 DEOPT UNPACKING pc=0x000000012b83eb7c sp=0x000000016f491790 mode 3

Classes unloaded (0 events):
No events

Classes redefined (9 events):
Event: 1.424 Thread 0x000000013af68c80 redefined class name=java.io.FileInputStream, count=1
Event: 1.424 Thread 0x000000013af68c80 redefined class name=java.io.FileOutputStream, count=1
Event: 1.424 Thread 0x000000013af68c80 redefined class name=java.io.RandomAccessFile, count=1
Event: 1.424 Thread 0x000000013af68c80 redefined class name=sun.nio.ch.FileChannelImpl, count=1
Event: 1.424 Thread 0x000000013af68c80 redefined class name=java.net.Socket$SocketInputStream, count=1
Event: 1.424 Thread 0x000000013af68c80 redefined class name=java.net.Socket$SocketOutputStream, count=1
Event: 1.424 Thread 0x000000013af68c80 redefined class name=sun.nio.ch.SocketChannelImpl, count=1
Event: 1.424 Thread 0x000000013af68c80 redefined class name=java.lang.Throwable, count=1
Event: 1.424 Thread 0x000000013af68c80 redefined class name=java.lang.Error, count=2

Internal exceptions (20 events):
Event: 1.381 Thread 0x000000010b0c7200 Exception <a 'java/lang/ClassNotFoundException'{0x00000007874962f0}: jdk/jfr/internal/handlers/EventHandler1465_1700559052281-9395> (0x00000007874962f0) 
thrown [open/src/hotspot/share/classfile/systemDictionary.cpp, line 256]
Event: 1.382 Thread 0x000000010b0c7200 Exception <a 'java/lang/ClassNotFoundException'{0x00000007874a87f0}: jdk/jfr/internal/handlers/EventHandler1467_1700559052281-9395> (0x00000007874a87f0) 
thrown [open/src/hotspot/share/classfile/systemDictionary.cpp, line 256]
Event: 1.383 Thread 0x000000010b0c7200 Exception <a 'java/lang/ClassNotFoundException'{0x00000007874b87e8}: jdk/jfr/internal/handlers/EventHandler1469_1700559052281-9395> (0x00000007874b87e8) 
thrown [open/src/hotspot/share/classfile/systemDictionary.cpp, line 256]
Event: 1.383 Thread 0x000000010b0c7200 Exception <a 'java/lang/ClassNotFoundException'{0x00000007874c5730}: jdk/jfr/internal/handlers/EventHandler1471_1700559052281-9395> (0x00000007874c5730) 
thrown [open/src/hotspot/share/classfile/systemDictionary.cpp, line 256]
Event: 1.383 Thread 0x000000010b0c7200 Exception <a 'java/lang/ClassNotFoundException'{0x00000007874d3068}: jdk/jfr/internal/handlers/EventHandler1473_1700559052281-9395> (0x00000007874d3068) 
thrown [open/src/hotspot/share/classfile/systemDictionary.cpp, line 256]
Event: 1.385 Thread 0x000000010b0c7200 Exception <a 'java/lang/ClassNotFoundException'{0x00000007874faca0}: jdk/jfr/internal/handlers/EventHandler1475_1700559052281-9395> (0x00000007874faca0) 
thrown [open/src/hotspot/share/classfile/systemDictionary.cpp, line 256]
Event: 1.386 Thread 0x000000010b0c7200 Exception <a 'java/lang/ClassNotFoundException'{0x0000000787315da8}: jdk/jfr/internal/handlers/EventHandler1477_1700559052281-9395> (0x0000000787315da8) 
thrown [open/src/hotspot/share/classfile/systemDictionary.cpp, line 256]
Event: 1.386 Thread 0x000000010b0c7200 Exception <a 'java/lang/ClassNotFoundException'{0x0000000787327f28}: jdk/jfr/internal/handlers/EventHandler1479_1700559052281-9395> (0x0000000787327f28) 
thrown [open/src/hotspot/share/classfile/systemDictionary.cpp, line 256]
Event: 1.387 Thread 0x000000010b0c7200 Exception <a 'java/lang/ClassNotFoundException'{0x0000000787338128}: jdk/jfr/internal/handlers/EventHandler1482_1700559052281-9395> (0x0000000787338128) 
thrown [open/src/hotspot/share/classfile/systemDictionary.cpp, line 256]
Event: 1.387 Thread 0x000000010b0c7200 Exception <a 'java/lang/ClassNotFoundException'{0x0000000787343a80}: jdk/jfr/internal/handlers/EventHandler1484_1700559052281-9395> (0x0000000787343a80) 
thrown [open/src/hotspot/share/classfile/systemDictionary.cpp, line 256]
Event: 1.389 Thread 0x000000010b0c7200 Exception <a 'java/lang/ClassNotFoundException'{0x000000078735a500}: jdk/jfr/internal/handlers/EventHandler1750_1700559052281-9395> (0x000000078735a500) 
thrown [open/src/hotspot/share/classfile/systemDictionary.cpp, line 256]
Event: 1.390 Thread 0x000000010b0c7200 Exception <a 'java/lang/ClassNotFoundException'{0x000000078736a008}: jdk/jfr/internal/handlers/EventHandler1753_1700559052281-9395> (0x000000078736a008) 
thrown [open/src/hotspot/share/classfile/systemDictionary.cpp, line 256]
Event: 1.390 Thread 0x000000010b0c7200 Exception <a 'java/lang/ClassNotFoundException'{0x0000000787377988}: jdk/jfr/internal/handlers/EventHandler1756_1700559052281-9395> (0x0000000787377988) 
thrown [open/src/hotspot/share/classfile/systemDictionary.cpp, line 256]
Event: 1.391 Thread 0x000000010b0c7200 Exception <a 'java/lang/ClassNotFoundException'{0x0000000787385a00}: jdk/jfr/internal/handlers/EventHandler1759_1700559052281-9395> (0x0000000787385a00) 
thrown [open/src/hotspot/share/classfile/systemDictionary.cpp, line 256]
Event: 1.391 Thread 0x000000010b0c7200 Exception <a 'java/lang/ClassNotFoundException'{0x0000000787392108}: jdk/jfr/internal/handlers/EventHandler1762_1700559052281-9395> (0x0000000787392108) 
thrown [open/src/hotspot/share/classfile/systemDictionary.cpp, line 256]
Event: 1.425 Thread 0x000000010b0c7200 Exception <a 'java/lang/NoSuchMethodError'{0x0000000786c195b0}: 'void java.lang.invoke.DirectMethodHandle$Holder.invokeStatic(java.lang.Object, java.lang.Object, int)'> (0x0000000786c195b0) 
thrown [open/src/hotspot/share/interpreter/linkResolver.cpp, line 759]
Event: 1.425 Thread 0x000000010b0c7200 Exception <a 'java/lang/NoSuchMethodError'{0x0000000786c1f700}: 'java.lang.Object java.lang.invoke.DirectMethodHandle$Holder.newInvokeSpecial(java.lang.Object, java.lang.Object, int)'> (0x0000000786c1f700) 
thrown [open/src/hotspot/share/interpreter/linkResolver.cpp, line 759]
Event: 1.429 Thread 0x000000010b0c7200 Exception <a 'java/lang/NoSuchMethodError'{0x0000000786c5e340}: 'void java.lang.invoke.DirectMethodHandle$Holder.invokeSpecial(java.lang.Object, java.lang.Object, java.lang.Object)'> (0x0000000786c5e340) 
thrown [open/src/hotspot/share/interpreter/linkResolver.cpp, line 759]
Event: 1.434 Thread 0x000000013b917200 Exception <a 'java/lang/NoSuchMethodError'{0x0000000786cf91b0}: 'int java.lang.invoke.DirectMethodHandle$Holder.invokeInterface(java.lang.Object, java.lang.Object)'> (0x0000000786cf91b0) 
thrown [open/src/hotspot/share/interpreter/linkResolver.cpp, line 759]
Event: 1.434 Thread 0x000000013b917200 Exception <a 'java/lang/IncompatibleClassChangeError'{0x0000000786cfc698}: Found class java.lang.Object, but interface was expected> (0x0000000786cfc698) 
thrown [open/src/hotspot/share/interpreter/linkResolver.cpp, line 826]

VM Operations (18 events):
Event: 1.262 Executing VM operation: HandshakeAllThreads
Event: 1.262 Executing VM operation: HandshakeAllThreads done
Event: 1.317 Executing VM operation: HandshakeAllThreads
Event: 1.317 Executing VM operation: HandshakeAllThreads done
Event: 1.326 Executing VM operation: HandshakeAllThreads
Event: 1.326 Executing VM operation: HandshakeAllThreads done
Event: 1.370 Executing VM operation: ICBufferFull
Event: 1.370 Executing VM operation: ICBufferFull done
Event: 1.415 Executing VM operation: ICBufferFull
Event: 1.416 Executing VM operation: ICBufferFull done
Event: 1.423 Executing VM operation: RedefineClasses
Event: 1.425 Executing VM operation: RedefineClasses done
Event: 1.428 Executing VM operation: HandshakeAllThreads
Event: 1.428 Executing VM operation: HandshakeAllThreads done
Event: 1.436 Executing VM operation: JFRCheckpoint
Event: 1.436 Executing VM operation: JFRCheckpoint done
Event: 1.437 Executing VM operation: G1CollectForAllocation
Event: 1.439 Executing VM operation: G1CollectForAllocation done

Events (20 events):
Event: 1.444 loading class com/sun/management/ThreadMXBean done
Event: 1.444 loading class sun/management/ThreadImpl
Event: 1.444 loading class sun/management/ThreadImpl done
Event: 1.444 loading class com/sun/management/internal/HotSpotThreadImpl done
Event: 1.444 loading class java/lang/management/ThreadInfo
Event: 1.444 loading class java/lang/management/ThreadInfo done
Event: 1.444 loading class java/lang/Thread$State
Event: 1.444 loading class java/lang/Thread$State done
Event: 1.444 loading class java/lang/management/LockInfo
Event: 1.444 loading class java/lang/management/LockInfo done
Event: 1.444 loading class java/lang/management/MonitorInfo
Event: 1.444 loading class java/lang/management/MonitorInfo done
Event: 1.445 loading class com/sun/jmx/mbeanserver/DefaultMXBeanMappingFactory$CompositeMapping
Event: 1.445 loading class com/sun/jmx/mbeanserver/DefaultMXBeanMappingFactory$CompositeMapping done
Event: 1.445 loading class com/sun/jmx/mbeanserver/DefaultMXBeanMappingFactory$ArrayMapping
Event: 1.445 loading class com/sun/jmx/mbeanserver/DefaultMXBeanMappingFactory$ArrayMapping done
Event: 1.445 loading class com/sun/jmx/mbeanserver/DefaultMXBeanMappingFactory$EnumMapping
Event: 1.445 loading class com/sun/jmx/mbeanserver/DefaultMXBeanMappingFactory$EnumMapping done
Event: 1.445 loading class javax/management/MBeanParameterInfo
Event: 1.445 loading class javax/management/MBeanParameterInfo done


Dynamic libraries:
0x0000000100cb4000 	/Library/Java/JavaVirtualMachines/jdk-17.jdk/Contents/Home/lib/libjli.dylib
0x00000001c3154000 	/System/Library/Frameworks/Cocoa.framework/Versions/A/Cocoa
0x00000001aef78000 	/System/Library/Frameworks/AppKit.framework/Versions/C/AppKit
0x00000001b1920000 	/System/Library/Frameworks/CoreData.framework/Versions/A/CoreData
0x00000001acbd9000 	/System/Library/Frameworks/Foundation.framework/Versions/C/Foundation
0x00000001b7304000 	/usr/lib/libSystem.B.dylib
0x00000001afe84000 	/System/Library/PrivateFrameworks/UIFoundation.framework/Versions/A/UIFoundation
0x0000000218409000 	/System/Library/PrivateFrameworks/CollectionViewCore.framework/Versions/A/CollectionViewCore
0x00000001bd5c0000 	/System/Library/PrivateFrameworks/RemoteViewServices.framework/Versions/A/RemoteViewServices
0x00000001b5726000 	/System/Library/PrivateFrameworks/XCTTargetBootstrap.framework/Versions/A/XCTTargetBootstrap
0x00000001b909a000 	/System/Library/PrivateFrameworks/InternationalSupport.framework/Versions/A/InternationalSupport
0x00000001b9121000 	/System/Library/PrivateFrameworks/UserActivity.framework/Versions/A/UserActivity
0x000000022f622000 	/System/Library/PrivateFrameworks/WindowManagement.framework/Versions/A/WindowManagement
0x00000001ac8a2000 	/System/Library/Frameworks/SystemConfiguration.framework/Versions/A/SystemConfiguration
0x00000001b859e000 	/usr/lib/libspindump.dylib
0x00000001b002a000 	/System/Library/Frameworks/UniformTypeIdentifiers.framework/Versions/A/UniformTypeIdentifiers
0x00000001b3a39000 	/usr/lib/libapp_launch_measurement.dylib
0x00000001b2ee7000 	/System/Library/PrivateFrameworks/CoreAnalytics.framework/Versions/A/CoreAnalytics
0x00000001b3a40000 	/System/Library/PrivateFrameworks/CoreAutoLayout.framework/Versions/A/CoreAutoLayout
0x00000001b4f34000 	/System/Library/Frameworks/Metal.framework/Versions/A/Metal
0x00000001b5e85000 	/usr/lib/liblangid.dylib
0x00000001b572c000 	/System/Library/PrivateFrameworks/CoreSVG.framework/Versions/A/CoreSVG
0x00000001b0952000 	/System/Library/PrivateFrameworks/SkyLight.framework/Versions/A/SkyLight
0x00000001b0d6a000 	/System/Library/Frameworks/CoreGraphics.framework/Versions/A/CoreGraphics
0x00000001bdc8b000 	/System/Library/Frameworks/Accelerate.framework/Versions/A/Accelerate
0x00000001b800c000 	/System/Library/PrivateFrameworks/IconServices.framework/Versions/A/IconServices
0x00000001b4f14000 	/System/Library/Frameworks/IOSurface.framework/Versions/A/IOSurface
0x00000001b2f15000 	/usr/lib/libDiagnosticMessagesClient.dylib
0x00000001b724a000 	/usr/lib/libz.1.dylib
0x00000001c0f27000 	/System/Library/Frameworks/ApplicationServices.framework/Versions/A/ApplicationServices
0x00000001b570e000 	/System/Library/PrivateFrameworks/DFRFoundation.framework/Versions/A/DFRFoundation
0x00000001ae7f6000 	/usr/lib/libicucore.A.dylib
0x00000001ba02b000 	/System/Library/Frameworks/AudioToolbox.framework/Versions/A/AudioToolbox
0x00000001b90a5000 	/System/Library/PrivateFrameworks/DataDetectorsCore.framework/Versions/A/DataDetectorsCore
0x00000001d0233000 	/System/Library/PrivateFrameworks/TextInput.framework/Versions/A/TextInput
0x00000001b08b7000 	/usr/lib/libMobileGestalt.dylib
0x00000001b53da000 	/System/Library/Frameworks/Carbon.framework/Versions/A/Frameworks/HIToolbox.framework/Versions/A/HIToolbox
0x00000001b33c0000 	/System/Library/Frameworks/QuartzCore.framework/Versions/A/QuartzCore
0x00000001ae451000 	/System/Library/Frameworks/Security.framework/Versions/A/Security
0x00000001bd600000 	/System/Library/Frameworks/Carbon.framework/Versions/A/Frameworks/SpeechRecognition.framework/Versions/A/SpeechRecognition
0x00000001b3778000 	/System/Library/PrivateFrameworks/CoreUI.framework/Versions/A/CoreUI
0x00000001add49000 	/System/Library/Frameworks/CoreAudio.framework/Versions/A/CoreAudio
0x00000001b2ff1000 	/System/Library/Frameworks/DiskArbitration.framework/Versions/A/DiskArbitration
0x00000001b89d2000 	/System/Library/PrivateFrameworks/MultitouchSupport.framework/Versions/A/MultitouchSupport
0x00000001b08b5000 	/usr/lib/libenergytrace.dylib
0x00000001aee3b000 	/System/Library/Frameworks/IOKit.framework/Versions/A/IOKit
0x00000001bd9e7000 	/System/Library/Frameworks/CoreServices.framework/Versions/A/CoreServices
0x00000001b39c6000 	/System/Library/PrivateFrameworks/PerformanceAnalysis.framework/Versions/A/PerformanceAnalysis
0x00000001fb193000 	/System/Library/Frameworks/OpenGL.framework/Versions/A/OpenGL
0x00000001b3a8a000 	/usr/lib/libxml2.2.dylib
0x00000001b6859000 	/System/Library/PrivateFrameworks/MobileKeyBag.framework/Versions/A/MobileKeyBag
0x00000001ab8d8000 	/usr/lib/libobjc.A.dylib
0x00000001abb8e000 	/usr/lib/libc++.1.dylib
0x00000001b13b5000 	/System/Library/Frameworks/ColorSync.framework/Versions/A/ColorSync
0x00000001abcac000 	/System/Library/Frameworks/CoreFoundation.framework/Versions/A/CoreFoundation
0x00000001b5aa6000 	/System/Library/Frameworks/CoreImage.framework/Versions/A/CoreImage
0x00000001adb6a000 	/System/Library/Frameworks/CoreText.framework/Versions/A/CoreText
0x00000001b5765000 	/System/Library/Frameworks/ImageIO.framework/Versions/A/ImageIO
0x00000001b730a000 	/System/Library/PrivateFrameworks/SoftLinking.framework/Versions/A/SoftLinking
0x00000001b759e000 	/usr/lib/libcompression.dylib
0x00000001b8ff6000 	/System/Library/PrivateFrameworks/TextureIO.framework/Versions/A/TextureIO
0x00000001b7cde000 	/usr/lib/libate.dylib
0x00000001b72fe000 	/usr/lib/system/libcache.dylib
0x00000001b72b7000 	/usr/lib/system/libcommonCrypto.dylib
0x00000001b72e5000 	/usr/lib/system/libcompiler_rt.dylib
0x00000001b72db000 	/usr/lib/system/libcopyfile.dylib
0x00000001aba0c000 	/usr/lib/system/libcorecrypto.dylib
0x00000001abac2000 	/usr/lib/system/libdispatch.dylib
0x00000001abc54000 	/usr/lib/system/libdyld.dylib
0x00000001b72f4000 	/usr/lib/system/libkeymgr.dylib
0x00000001b7295000 	/usr/lib/system/libmacho.dylib
0x00000001b6953000 	/usr/lib/system/libquarantine.dylib
0x00000001b72f1000 	/usr/lib/system/libremovefile.dylib
0x00000001b091c000 	/usr/lib/system/libsystem_asl.dylib
0x00000001ab9a9000 	/usr/lib/system/libsystem_blocks.dylib
0x00000001abb0d000 	/usr/lib/system/libsystem_c.dylib
0x00000001b72e9000 	/usr/lib/system/libsystem_collections.dylib
0x00000001b5e73000 	/usr/lib/system/libsystem_configuration.dylib
0x00000001b4ee2000 	/usr/lib/system/libsystem_containermanager.dylib
0x00000001b6f94000 	/usr/lib/system/libsystem_coreservices.dylib
0x00000001aeaad000 	/usr/lib/system/libsystem_darwin.dylib
0x00000001b72f5000 	/usr/lib/system/libsystem_dnssd.dylib
0x00000001abb0a000 	/usr/lib/system/libsystem_featureflags.dylib
0x00000001abc80000 	/usr/lib/system/libsystem_info.dylib
0x00000001b725c000 	/usr/lib/system/libsystem_m.dylib
0x00000001aba96000 	/usr/lib/system/libsystem_malloc.dylib
0x00000001b089c000 	/usr/lib/system/libsystem_networkextension.dylib
0x00000001aef17000 	/usr/lib/system/libsystem_notify.dylib
0x00000001b5e78000 	/usr/lib/system/libsystem_sandbox.dylib
0x00000001b72ee000 	/usr/lib/system/libsystem_secinit.dylib
0x00000001abc0d000 	/usr/lib/system/libsystem_kernel.dylib
0x00000001abc78000 	/usr/lib/system/libsystem_platform.dylib
0x00000001abc47000 	/usr/lib/system/libsystem_pthread.dylib
0x00000001b20f1000 	/usr/lib/system/libsystem_symptoms.dylib
0x00000001ab9f2000 	/usr/lib/system/libsystem_trace.dylib
0x00000001b72c8000 	/usr/lib/system/libunwind.dylib
0x00000001ab9ae000 	/usr/lib/system/libxpc.dylib
0x00000001abbf5000 	/usr/lib/libc++abi.dylib
0x00000001b72d3000 	/usr/lib/liboah.dylib
0x00000001b7b9b000 	/usr/lib/liblzma.5.dylib
0x00000001b7306000 	/usr/lib/libfakelink.dylib
0x00000001b04da000 	/System/Library/Frameworks/CFNetwork.framework/Versions/A/CFNetwork
0x00000001b7445000 	/usr/lib/libarchive.2.dylib
0x00000001bb93a000 	/System/Library/Frameworks/Combine.framework/Versions/A/Combine
0x00000001b99f5000 	/usr/lib/swift/libswiftCore.dylib
0x00000001cd308000 	/usr/lib/swift/libswiftCoreFoundation.dylib
0x00000001cb1c5000 	/usr/lib/swift/libswiftDarwin.dylib
0x00000001bef00000 	/usr/lib/swift/libswiftDispatch.dylib
0x00000001cd329000 	/usr/lib/swift/libswiftIOKit.dylib
0x00000001c1352000 	/usr/lib/swift/libswiftObjectiveC.dylib
0x00000001cd31c000 	/usr/lib/swift/libswiftXPC.dylib
0x0000000235e5a000 	/usr/lib/swift/libswift_Concurrency.dylib
0x0000000235fac000 	/usr/lib/swift/libswift_StringProcessing.dylib
0x00000001c1356000 	/usr/lib/swift/libswiftos.dylib
0x00000001aedc0000 	/System/Library/PrivateFrameworks/CoreServicesInternal.framework/Versions/A/CoreServicesInternal
0x00000001b697e000 	/usr/lib/libbsm.0.dylib
0x00000001b729b000 	/usr/lib/system/libkxld.dylib
0x00000001b3a02000 	/System/Library/Frameworks/CoreServices.framework/Versions/A/Frameworks/FSEvents.framework/Versions/A/FSEvents
0x00000001aeab8000 	/System/Library/Frameworks/CoreServices.framework/Versions/A/Frameworks/CarbonCore.framework/Versions/A/CarbonCore
0x00000001b2f58000 	/System/Library/Frameworks/CoreServices.framework/Versions/A/Frameworks/Metadata.framework/Versions/A/Metadata
0x00000001b6f9a000 	/System/Library/Frameworks/CoreServices.framework/Versions/A/Frameworks/OSServices.framework/Versions/A/OSServices
0x00000001b74cc000 	/System/Library/Frameworks/CoreServices.framework/Versions/A/Frameworks/SearchKit.framework/Versions/A/SearchKit
0x00000001b2074000 	/System/Library/Frameworks/CoreServices.framework/Versions/A/Frameworks/AE.framework/Versions/A/AE
0x00000001ac184000 	/System/Library/Frameworks/CoreServices.framework/Versions/A/Frameworks/LaunchServices.framework/Versions/A/LaunchServices
0x00000001b7b44000 	/System/Library/Frameworks/CoreServices.framework/Versions/A/Frameworks/DictionaryServices.framework/Versions/A/DictionaryServices
0x00000001b3a0f000 	/System/Library/Frameworks/CoreServices.framework/Versions/A/Frameworks/SharedFileList.framework/Versions/A/SharedFileList
0x00000001b756b000 	/usr/lib/libapple_nghttp2.dylib
0x00000001b04d6000 	/usr/lib/libnetwork.dylib
0x00000001b1cf8000 	/usr/lib/libsqlite3.dylib
0x00000001b20fa000 	/System/Library/Frameworks/Network.framework/Versions/A/Network
0x0000000234fa7000 	/usr/lib/libCoreEntitlements.dylib
0x0000000221a14000 	/System/Library/PrivateFrameworks/MessageSecurity.framework/Versions/A/MessageSecurity
0x00000001b1cde000 	/System/Library/PrivateFrameworks/ProtocolBuffer.framework/Versions/A/ProtocolBuffer
0x00000001b6f76000 	/System/Library/PrivateFrameworks/AppleFSCompression.framework/Versions/A/AppleFSCompression
0x00000001b6966000 	/usr/lib/libcoretls.dylib
0x00000001b7bb4000 	/usr/lib/libcoretls_cfhelpers.dylib
0x00000001b7598000 	/usr/lib/libpam.2.dylib
0x00000001b7c1c000 	/usr/lib/libxar.1.dylib
0x00000001b7fe7000 	/usr/lib/libheimdal-asn1.dylib
0x00000001b730b000 	/usr/lib/libpcap.A.dylib
0x00000001b20e7000 	/usr/lib/libdns_services.dylib
0x00000001b5e80000 	/System/Library/PrivateFrameworks/AppleSystemInfo.framework/Versions/A/AppleSystemInfo
0x00000001b665a000 	/System/Library/PrivateFrameworks/IOMobileFramebuffer.framework/Versions/A/IOMobileFramebuffer
0x00000001b6f87000 	/usr/lib/libbz2.1.0.dylib
0x00000001b6956000 	/usr/lib/libCheckFix.dylib
0x00000001b0934000 	/System/Library/PrivateFrameworks/TCC.framework/Versions/A/TCC
0x00000001b5e87000 	/System/Library/PrivateFrameworks/CoreNLP.framework/Versions/A/CoreNLP
0x00000001b2f17000 	/System/Library/PrivateFrameworks/MetadataUtilities.framework/Versions/A/MetadataUtilities
0x00000001b698f000 	/usr/lib/libmecab.dylib
0x00000001ac92c000 	/usr/lib/libCRFSuite.dylib
0x00000001b69ec000 	/usr/lib/libgermantok.dylib
0x00000001b7544000 	/usr/lib/libThaiTokenizer.dylib
0x00000001b2ffa000 	/System/Library/Frameworks/Accelerate.framework/Versions/A/Frameworks/vImage.framework/Versions/A/vImage
0x00000001bd9be000 	/System/Library/Frameworks/Accelerate.framework/Versions/A/Frameworks/vecLib.framework/Versions/A/vecLib
0x00000001b7c62000 	/System/Library/Frameworks/Accelerate.framework/Versions/A/Frameworks/vecLib.framework/Versions/A/libvMisc.dylib
0x00000001b655a000 	/System/Library/Frameworks/Accelerate.framework/Versions/A/Frameworks/vecLib.framework/Versions/A/libvDSP.dylib
0x00000001ac538000 	/System/Library/Frameworks/Accelerate.framework/Versions/A/Frameworks/vecLib.framework/Versions/A/libBLAS.dylib
0x00000001b7670000 	/System/Library/Frameworks/Accelerate.framework/Versions/A/Frameworks/vecLib.framework/Versions/A/libLAPACK.dylib
0x00000001b69ef000 	/System/Library/Frameworks/Accelerate.framework/Versions/A/Frameworks/vecLib.framework/Versions/A/libLinearAlgebra.dylib
0x00000001b7583000 	/System/Library/Frameworks/Accelerate.framework/Versions/A/Frameworks/vecLib.framework/Versions/A/libSparseBLAS.dylib
0x00000001b766b000 	/System/Library/Frameworks/Accelerate.framework/Versions/A/Frameworks/vecLib.framework/Versions/A/libQuadrature.dylib
0x00000001b5f80000 	/System/Library/Frameworks/Accelerate.framework/Versions/A/Frameworks/vecLib.framework/Versions/A/libBNNS.dylib
0x00000001ac83b000 	/System/Library/Frameworks/Accelerate.framework/Versions/A/Frameworks/vecLib.framework/Versions/A/libSparse.dylib
0x0000000220d4a000 	/System/Library/PrivateFrameworks/MIL.framework/Versions/A/MIL
0x00000001b7340000 	/usr/lib/libiconv.2.dylib
0x00000001b7294000 	/usr/lib/libcharset.1.dylib
0x00000001b39e2000 	/System/Library/Frameworks/OpenDirectory.framework/Versions/A/Frameworks/CFOpenDirectory.framework/Versions/A/CFOpenDirectory
0x00000001b39d2000 	/System/Library/Frameworks/OpenDirectory.framework/Versions/A/OpenDirectory
0x00000001b7bb6000 	/System/Library/PrivateFrameworks/APFS.framework/Versions/A/APFS
0x00000001b6890000 	/System/Library/Frameworks/SecurityFoundation.framework/Versions/A/SecurityFoundation
0x00000001b7c2b000 	/usr/lib/libutil.dylib
0x000000021fdbf000 	/System/Library/PrivateFrameworks/InstalledContentLibrary.framework/Versions/A/InstalledContentLibrary
0x00000001aedfe000 	/System/Library/PrivateFrameworks/CoreServicesStore.framework/Versions/A/CoreServicesStore
0x0000000216dba000 	/System/Library/PrivateFrameworks/AppleMobileFileIntegrity.framework/Versions/A/AppleMobileFileIntegrity
0x00000001cd2e7000 	/usr/lib/libmis.dylib
0x00000001db248000 	/System/Library/PrivateFrameworks/MobileSystemServices.framework/Versions/A/MobileSystemServices
0x00000001f5a85000 	/System/Library/PrivateFrameworks/ConfigProfileHelper.framework/Versions/A/ConfigProfileHelper
0x00000001b7546000 	/System/Library/PrivateFrameworks/AppleSauce.framework/Versions/A/AppleSauce
0x00000001ad613000 	/System/Library/PrivateFrameworks/LanguageModeling.framework/Versions/A/LanguageModeling
0x00000001b7c2f000 	/usr/lib/libxslt.1.dylib
0x00000001b7433000 	/usr/lib/libcmph.dylib
0x00000001b6647000 	/System/Library/PrivateFrameworks/CoreEmoji.framework/Versions/A/CoreEmoji
0x00000001b5f7a000 	/System/Library/PrivateFrameworks/LinguisticData.framework/Versions/A/LinguisticData
0x00000001ac7f3000 	/System/Library/PrivateFrameworks/Lexicon.framework/Versions/A/Lexicon
0x00000001b6923000 	/System/Library/PrivateFrameworks/BackgroundTaskManagement.framework/Versions/A/BackgroundTaskManagement
0x000000023514a000 	/usr/lib/libTLE.dylib
0x0000000235ef7000 	/usr/lib/swift/libswift_RegexParser.dylib
0x00000001b8897000 	/System/Library/PrivateFrameworks/AppleJPEG.framework/Versions/A/AppleJPEG
0x00000001b7fcc000 	/usr/lib/libexpat.1.dylib
0x00000001b8e58000 	/System/Library/Frameworks/ImageIO.framework/Versions/A/Resources/libPng.dylib
0x00000001b8e83000 	/System/Library/Frameworks/ImageIO.framework/Versions/A/Resources/libTIFF.dylib
0x00000001b8f6c000 	/System/Library/Frameworks/ImageIO.framework/Versions/A/Resources/libGIF.dylib
0x00000001b88dc000 	/System/Library/Frameworks/ImageIO.framework/Versions/A/Resources/libJP2.dylib
0x00000001b8f10000 	/System/Library/Frameworks/ImageIO.framework/Versions/A/Resources/libJPEG.dylib
0x00000001b8f07000 	/System/Library/Frameworks/ImageIO.framework/Versions/A/Resources/libRadiance.dylib
0x00000001b5263000 	/System/Library/PrivateFrameworks/FontServices.framework/libFontParser.dylib
0x00000001b2016000 	/System/Library/PrivateFrameworks/RunningBoardServices.framework/Versions/A/RunningBoardServices
0x00000001c3886000 	/System/Library/PrivateFrameworks/IOSurfaceAccelerator.framework/Versions/A/IOSurfaceAccelerator
0x00000001b89ce000 	/System/Library/PrivateFrameworks/WatchdogClient.framework/Versions/A/WatchdogClient
0x00000001ad78c000 	/System/Library/Frameworks/CoreDisplay.framework/Versions/A/CoreDisplay
0x00000001b513d000 	/System/Library/Frameworks/CoreMedia.framework/Versions/A/CoreMedia
0x00000001b4f2a000 	/System/Library/PrivateFrameworks/IOAccelerator.framework/Versions/A/IOAccelerator
0x00000001b3b73000 	/System/Library/Frameworks/CoreVideo.framework/Versions/A/CoreVideo
0x00000001b7596000 	/System/Library/Frameworks/MetalPerformanceShaders.framework/Versions/A/MetalPerformanceShaders
0x00000001b8a0d000 	/System/Library/Frameworks/VideoToolbox.framework/Versions/A/VideoToolbox
0x00000001b1f59000 	/System/Library/PrivateFrameworks/BaseBoard.framework/Versions/A/BaseBoard
0x00000001b8f02000 	/System/Library/PrivateFrameworks/GPUWrangler.framework/Versions/A/GPUWrangler
0x00000001b8ee2000 	/System/Library/PrivateFrameworks/IOPresentment.framework/Versions/A/IOPresentment
0x00000001b8f0a000 	/System/Library/PrivateFrameworks/DSExternalDisplay.framework/Versions/A/DSExternalDisplay
0x000000021c568000 	/System/Library/PrivateFrameworks/GPUCompiler.framework/Versions/31001/Libraries/libllvm-flatbuffers.dylib
0x00000001fb186000 	/System/Library/Frameworks/OpenGL.framework/Versions/A/Libraries/libCoreFSCache.dylib
0x000000021c564000 	/System/Library/PrivateFrameworks/GPUCompiler.framework/Versions/31001/Libraries/libGPUCompilerUtils.dylib
0x00000001b8f72000 	/System/Library/PrivateFrameworks/CMCaptureCore.framework/Versions/A/CMCaptureCore
0x0000000210ec3000 	/System/Library/Frameworks/ExtensionFoundation.framework/Versions/A/ExtensionFoundation
0x00000001bf6a7000 	/System/Library/PrivateFrameworks/CoreTime.framework/Versions/A/CoreTime
0x00000001b8589000 	/System/Library/PrivateFrameworks/AppServerSupport.framework/Versions/A/AppServerSupport
0x00000001ba90d000 	/System/Library/PrivateFrameworks/perfdata.framework/Versions/A/perfdata
0x00000001ad8ac000 	/System/Library/PrivateFrameworks/AudioToolboxCore.framework/Versions/A/AudioToolboxCore
0x00000001b5113000 	/System/Library/PrivateFrameworks/caulk.framework/Versions/A/caulk
0x00000001ba1ca000 	/usr/lib/libAudioStatistics.dylib
0x00000001cc70d000 	/System/Library/PrivateFrameworks/SystemPolicy.framework/Versions/A/SystemPolicy
0x00000001ba46c000 	/usr/lib/libSMC.dylib
0x00000001c3029000 	/System/Library/Frameworks/CoreMIDI.framework/Versions/A/CoreMIDI
0x00000001b8e25000 	/usr/lib/libAudioToolboxUtility.dylib
0x00000001c8480000 	/System/Library/PrivateFrameworks/OSAServicesClient.framework/Versions/A/OSAServicesClient
0x00000001ba91a000 	/usr/lib/libperfcheck.dylib
0x00000001b7eb7000 	/System/Library/PrivateFrameworks/PlugInKit.framework/Versions/A/PlugInKit
0x00000001b6882000 	/System/Library/PrivateFrameworks/AssertionServices.framework/Versions/A/AssertionServices
0x00000001fb1e8000 	/System/Library/Frameworks/OpenGL.framework/Versions/A/Libraries/libGLU.dylib
0x00000001fb1a7000 	/System/Library/Frameworks/OpenGL.framework/Versions/A/Libraries/libGFXShared.dylib
0x00000001fb38e000 	/System/Library/Frameworks/OpenGL.framework/Versions/A/Libraries/libGL.dylib
0x00000001fb1b0000 	/System/Library/Frameworks/OpenGL.framework/Versions/A/Libraries/libGLImage.dylib
0x00000001fb1a4000 	/System/Library/Frameworks/OpenGL.framework/Versions/A/Libraries/libCVMSPluginSupport.dylib
0x0000000235129000 	/usr/lib/libRosetta.dylib
0x00000001fb18d000 	/System/Library/Frameworks/OpenGL.framework/Versions/A/Libraries/libCoreVMClient.dylib
0x00000001b5df8000 	/System/Library/Frameworks/MetalPerformanceShaders.framework/Versions/A/Frameworks/MPSCore.framework/Versions/A/MPSCore
0x00000001b6eec000 	/System/Library/Frameworks/MetalPerformanceShaders.framework/Versions/A/Frameworks/MPSImage.framework/Versions/A/MPSImage
0x00000001b6a04000 	/System/Library/Frameworks/MetalPerformanceShaders.framework/Versions/A/Frameworks/MPSNeuralNetwork.framework/Versions/A/MPSNeuralNetwork
0x00000001b6df0000 	/System/Library/Frameworks/MetalPerformanceShaders.framework/Versions/A/Frameworks/MPSMatrix.framework/Versions/A/MPSMatrix
0x00000001b6c02000 	/System/Library/Frameworks/MetalPerformanceShaders.framework/Versions/A/Frameworks/MPSRayIntersector.framework/Versions/A/MPSRayIntersector
0x00000001b6e1f000 	/System/Library/Frameworks/MetalPerformanceShaders.framework/Versions/A/Frameworks/MPSNDArray.framework/Versions/A/MPSNDArray
0x0000000212291000 	/System/Library/Frameworks/MetalPerformanceShaders.framework/Versions/A/Frameworks/MPSFunctions.framework/Versions/A/MPSFunctions
0x00000001ac3fe000 	/System/Library/PrivateFrameworks/MetalTools.framework/Versions/A/MetalTools
0x00000001b5e7e000 	/System/Library/PrivateFrameworks/AggregateDictionary.framework/Versions/A/AggregateDictionary
0x00000001b7d70000 	/usr/lib/libIOReport.dylib
0x00000001c2216000 	/System/Library/PrivateFrameworks/ASEProcessing.framework/Versions/A/ASEProcessing
0x00000001b8127000 	/System/Library/PrivateFrameworks/GraphVisualizer.framework/Versions/A/GraphVisualizer
0x000000021c485000 	/System/Library/PrivateFrameworks/FontServices.framework/Versions/A/FontServices
0x00000001b8547000 	/System/Library/PrivateFrameworks/OTSVG.framework/Versions/A/OTSVG
0x00000001b3726000 	/System/Library/Frameworks/ApplicationServices.framework/Versions/A/Frameworks/ATS.framework/Versions/A/Resources/libFontRegistry.dylib
0x00000001b8593000 	/System/Library/PrivateFrameworks/FontServices.framework/libhvf.dylib
0x000000021c486000 	/System/Library/PrivateFrameworks/FontServices.framework/libXTFontStaticRegistryData.dylib
0x000000022e322000 	/System/Library/PrivateFrameworks/VideoToolboxParavirtualizationSupport.framework/Versions/A/VideoToolboxParavirtualizationSupport
0x00000001b7f80000 	/System/Library/PrivateFrameworks/AppleVA.framework/Versions/A/AppleVA
0x00000001ba20a000 	/System/Library/Frameworks/ApplicationServices.framework/Versions/A/Frameworks/ATS.framework/Versions/A/ATS
0x00000001b14a8000 	/System/Library/Frameworks/ApplicationServices.framework/Versions/A/Frameworks/HIServices.framework/Versions/A/HIServices
0x00000001b8f7e000 	/System/Library/Frameworks/ApplicationServices.framework/Versions/A/Frameworks/PrintCore.framework/Versions/A/PrintCore
0x00000001ba5c5000 	/System/Library/Frameworks/ApplicationServices.framework/Versions/A/Frameworks/QD.framework/Versions/A/QD
0x00000001ba5b9000 	/System/Library/Frameworks/ApplicationServices.framework/Versions/A/Frameworks/ColorSyncLegacy.framework/Versions/A/ColorSyncLegacy
0x00000001ba1de000 	/System/Library/Frameworks/ApplicationServices.framework/Versions/A/Frameworks/SpeechSynthesis.framework/Versions/A/SpeechSynthesis
0x00000001b8f3c000 	/System/Library/Frameworks/ApplicationServices.framework/Versions/A/Frameworks/ATSUI.framework/Versions/A/ATSUI
0x00000001ba54c000 	/usr/lib/libcups.2.dylib
0x00000001ba928000 	/System/Library/Frameworks/Kerberos.framework/Versions/A/Kerberos
0x00000001ba939000 	/System/Library/Frameworks/GSS.framework/Versions/A/GSS
0x00000001ba27c000 	/usr/lib/libresolv.9.dylib
0x00000001b85a3000 	/System/Library/PrivateFrameworks/Heimdal.framework/Versions/A/Heimdal
0x00000001c12d4000 	/System/Library/Frameworks/Kerberos.framework/Versions/A/Libraries/libHeimdalProxy.dylib
0x00000001ba989000 	/System/Library/PrivateFrameworks/CommonAuth.framework/Versions/A/CommonAuth
0x00000002100fd000 	/System/Library/Frameworks/AVFAudio.framework/Versions/A/AVFAudio
0x00000001c84cf000 	/System/Library/PrivateFrameworks/AXCoreUtilities.framework/Versions/A/AXCoreUtilities
0x00000001ba156000 	/System/Library/PrivateFrameworks/AudioSession.framework/Versions/A/AudioSession
0x00000001bb6f1000 	/System/Library/Frameworks/IOBluetooth.framework/Versions/A/IOBluetooth
0x00000001b8081000 	/System/Library/PrivateFrameworks/MediaExperience.framework/Versions/A/MediaExperience
0x00000001b9ff1000 	/System/Library/PrivateFrameworks/AudioSession.framework/libSessionUtility.dylib
0x00000001ba5d1000 	/System/Library/PrivateFrameworks/AudioResourceArbitration.framework/Versions/A/AudioResourceArbitration
0x00000001be5d6000 	/System/Library/PrivateFrameworks/PowerLog.framework/Versions/A/PowerLog
0x00000001be518000 	/System/Library/Frameworks/CoreBluetooth.framework/Versions/A/CoreBluetooth
0x00000001c12d5000 	/System/Library/Frameworks/AudioUnit.framework/Versions/A/AudioUnit
0x00000001b66e5000 	/System/Library/PrivateFrameworks/CoreUtils.framework/Versions/A/CoreUtils
0x000000021ae86000 	/System/Library/PrivateFrameworks/CoreUtilsExtras.framework/Versions/A/CoreUtilsExtras
0x000000021fc59000 	/System/Library/PrivateFrameworks/IO80211.framework/Versions/A/IO80211
0x00000001b7ff1000 	/System/Library/PrivateFrameworks/IconFoundation.framework/Versions/A/IconFoundation
0x00000001bd5ec000 	/System/Library/PrivateFrameworks/SpeechRecognitionCore.framework/Versions/A/SpeechRecognitionCore
0x0000000101c0c000 	/Library/Java/JavaVirtualMachines/jdk-17.jdk/Contents/Home/lib/server/libjvm.dylib
0x0000000100c68000 	/Library/Java/JavaVirtualMachines/jdk-17.jdk/Contents/Home/lib/libjimage.dylib
0x0000000100d18000 	/Library/Java/JavaVirtualMachines/jdk-17.jdk/Contents/Home/lib/libinstrument.dylib
0x0000000100d64000 	/Library/Java/JavaVirtualMachines/jdk-17.jdk/Contents/Home/lib/libjava.dylib
0x0000000100eac000 	/private/var/folders/92/3t0_47bx00d8_spblkrdj1vw0000gn/T/libasyncProfiler.dylib
0x000000010193c000 	/Library/Java/JavaVirtualMachines/jdk-17.jdk/Contents/Home/lib/libzip.dylib
0x0000000101964000 	/Library/Java/JavaVirtualMachines/jdk-17.jdk/Contents/Home/lib/libnio.dylib
0x0000000101984000 	/Library/Java/JavaVirtualMachines/jdk-17.jdk/Contents/Home/lib/libnet.dylib
0x0000000100d44000 	/Library/Java/JavaVirtualMachines/jdk-17.jdk/Contents/Home/lib/libextnet.dylib
0x00000001019a8000 	/Library/Java/JavaVirtualMachines/jdk-17.jdk/Contents/Home/lib/libmanagement.dylib
0x00000001019bc000 	/Library/Java/JavaVirtualMachines/jdk-17.jdk/Contents/Home/lib/libmanagement_ext.dylib


VM Arguments:
jvm_args: -XX:TieredStopAtLevel=1 -Dspring.output.ansi.enabled=always -Dcom.sun.management.jmxremote -Dspring.jmx.enabled=true -Dspring.liveBeansView.mbeanDomain -Dspring.application.admin.enabled=true -Dmanagement.endpoints.jmx.exposure.include=* -javaagent:/Applications/IntelliJ IDEA.app/Contents/lib/idea_rt.jar=52790:/Applications/IntelliJ IDEA.app/Contents/bin -agentpath:/private/var/folders/92/3t0_47bx00d8_spblkrdj1vw0000gn/T/libasyncProfiler.dylib=start,jfr,event=wall,interval=10ms,jfrsync=profile,cstack=no,file=/Users/minguk/IdeaSnapshots/QuestionApplication_2023_11_21_183050.jfr,log=/private/var/folders/92/3t0_47bx00d8_spblkrdj1vw0000gn/T/QuestionApplication_2023_11_21_183050.jfr.log.txt,logLevel=DEBUG -Dfile.encoding=UTF-8 
java_command: edu.skku.question.QuestionApplication
java_class_path (initial): /Users/minguk/Desktop/4학기/알고리즘/question/build/classes/java/main:/Users/minguk/Desktop/4학기/알고리즘/question/build/resources/main:/Users/minguk/.gradle/caches/modules-2/files-2.1/org.projectlombok/lombok/1.18.30/f195ee86e6c896ea47a1d39defbe20eb59cd149d/lombok-1.18.30.jar:/Users/minguk/.gradle/caches/modules-2/files-2.1/org.springframework.boot/spring-boot-starter-data-jpa/3.1.5/5fdcfab1fe9d6dddf4352d71f5ed879eb1aa92c2/spring-boot-starter-data-jpa-3.1.5.jar:/Users/minguk/.gradle/caches/modules-2/files-2.1/org.springframework.boot/spring-boot-starter-web/3.1.5/3674e5603cc25bc4dccf73b97d50234332fc3d72/spring-boot-starter-web-3.1.5.jar:/Users/minguk/.gradle/caches/modules-2/files-2.1/mysql/mysql-connector-java/8.0.25/f8b9123acd13058c941aff25f308c9ed8000bb73/mysql-connector-java-8.0.25.jar:/Users/minguk/.gradle/caches/modules-2/files-2.1/org.springframework.boot/spring-boot-starter-aop/3.1.5/2ac1f8bf4c2bce13b46d04abafc69a4f1523a08/spring-boot-starter-aop-3.1.5.jar:/Users/minguk/.gradle/caches/modules-2/files-2.1/org.springframework.boot/spring-boot-starter-jdbc/3.1.5/138c0e0ab493d8a51bb51dfc3b7144d702ff4c26/spring-boot-starter-jdbc-3.1.5.jar:/Users/minguk/.gradle/caches/modules-2/files-2.1/org.hibernate.orm/hibernate-core/6.2.13.Final/de458672b40154ab9ecfe7466987ad1772167af8/hibernate-core-6.2.13.Final.jar:/Users/minguk/.gradle/caches/modules-2/files-2.1/org.springframework.data/spring-data-jpa/3.1.5/6de79da064f0b97c6448e0bfa5d63da9fb6e1582/spring-data-jpa-3.1.5.jar:/Users/minguk/.gradle/caches/modules-2/files-2.1/org.springframework/spring-aspects/6.0.13/59b1d3f507f5ed2e4ef357541c464925831bea9b/spring-aspects-6.0.13.jar:/Users/minguk/.gradle/caches/modules-2/files-2.1/org.springframework.boot/spring-boot-starter-json/3.1.5/36ce79c1a5c63ffd72b092eb312cb35ac6edb128/spring-boot-starter-json-3.1.5.jar:/Users/minguk/.gradle/caches/modules-2/files-2.1/org.springframework.boot/spring-boot-starter/3.1.5/a14cd17b86261933929566775d8
Launcher Type: SUN_STANDARD

[Global flags]
     intx CICompilerCount                          = 4                                         {product} {ergonomic}
     uint ConcGCThreads                            = 2                                         {product} {ergonomic}
     bool FlightRecorder                           = true                                      {product} {management}
     uint G1ConcRefinementThreads                  = 8                                         {product} {ergonomic}
   size_t G1HeapRegionSize                         = 1048576                                   {product} {ergonomic}
    uintx GCDrainStackTargetSize                   = 64                                        {product} {ergonomic}
   size_t InitialHeapSize                          = 134217728                                 {product} {ergonomic}
     bool ManagementServer                         = true                                      {product} {command line}
   size_t MarkStackSize                            = 4194304                                   {product} {ergonomic}
   size_t MaxHeapSize                              = 2147483648                                {product} {ergonomic}
   size_t MaxNewSize                               = 1287651328                                {product} {ergonomic}
   size_t MinHeapDeltaBytes                        = 1048576                                   {product} {ergonomic}
   size_t MinHeapSize                              = 8388608                                   {product} {ergonomic}
    uintx NonProfiledCodeHeapSize                  = 0                                      {pd product} {ergonomic}
     bool ProfileInterpreter                       = false                                  {pd product} {command line}
    uintx ProfiledCodeHeapSize                     = 0                                      {pd product} {ergonomic}
   size_t SoftMaxHeapSize                          = 2147483648                             {manageable} {ergonomic}
     intx TieredStopAtLevel                        = 1                                         {product} {command line}
     bool UseCompressedClassPointers               = true                           {product lp64_product} {ergonomic}
     bool UseCompressedOops                        = true                           {product lp64_product} {ergonomic}
     bool UseG1GC                                  = true                                      {product} {ergonomic}
     bool UseNUMA                                  = false                                     {product} {ergonomic}
     bool UseNUMAInterleaving                      = false                                     {product} {ergonomic}

Logging:
Log output configuration:
 #0: stdout all=warning,jni+resolve=error uptime,level,tags (reconfigured)
 #1: stderr all=off uptime,level,tags

Environment Variables:
PATH=/opt/homebrew/bin:/opt/homebrew/sbin:/Library/Frameworks/Python.framework/Versions/3.11/bin:/usr/local/bin:/System/Cryptexes/App/usr/bin:/usr/bin:/bin:/usr/sbin:/sbin:/Users/minguk/Library/Application Support/JetBrains/Toolbox/scripts:/Users/minguk/.orbstack/bin:/Applications/Visual Studio Code.app/Contents/Resources/app/bin
SHELL=/bin/zsh
LC_CTYPE=ko_KR.UTF-8

Signal Handlers:
   SIGSEGV: crash_handler in libjvm.dylib, mask=11100110000111110111111111111111, flags=SA_RESTART|SA_SIGINFO
    SIGBUS: crash_handler in libjvm.dylib, mask=11100110000111110111111111111111, flags=SA_RESTART|SA_SIGINFO
    SIGFPE: crash_handler in libjvm.dylib, mask=11100110000111110111111111111111, flags=SA_RESTART|SA_SIGINFO
   SIGPIPE: javaSignalHandler in libjvm.dylib, mask=11100110000111110111111111111111, flags=SA_RESTART|SA_SIGINFO
   SIGXFSZ: javaSignalHandler in libjvm.dylib, mask=11100110000111110111111111111111, flags=SA_RESTART|SA_SIGINFO
    SIGILL: crash_handler in libjvm.dylib, mask=11100110000111110111111111111111, flags=SA_RESTART|SA_SIGINFO
   SIGUSR2: SR_handler in libjvm.dylib, mask=00100000000000000000000000000000, flags=SA_RESTART|SA_SIGINFO
    SIGHUP: UserHandler in libjvm.dylib, mask=11100110000111110111111111111111, flags=SA_RESTART|SA_SIGINFO
    SIGINT: UserHandler in libjvm.dylib, mask=11100110000111110111111111111111, flags=SA_RESTART|SA_SIGINFO
   SIGTERM: UserHandler in libjvm.dylib, mask=11100110000111110111111111111111, flags=SA_RESTART|SA_SIGINFO
   SIGQUIT: UserHandler in libjvm.dylib, mask=11100110000111110111111111111111, flags=SA_RESTART|SA_SIGINFO
   SIGTRAP: crash_handler in libjvm.dylib, mask=11100110000111110111111111111111, flags=SA_RESTART|SA_SIGINFO


---------------  S Y S T E M  ---------------

OS:
uname: Darwin 22.3.0 Darwin Kernel Version 22.3.0: Mon Jan 30 20:38:43 PST 2023; root:xnu-8792.81.3~2/RELEASE_ARM64_T8112 arm64
OS uptime: 0 days 16:48 hours
rlimit (soft/hard): STACK 8176k/65520k , CORE 0k/infinity , NPROC 1333/2000 , NOFILE 10240/infinity , AS infinity/infinity , CPU infinity/infinity , DATA infinity/infinity , FSIZE infinity/infinity , MEMLOCK infinity/infinity , RSS infinity/infinity
load average: 4.33 2.52 2.43

CPU: total 8 (initial active 8) 0x61:0x0:0xda33d83d:0, fp, simd, crc, lse

Memory: 16k page, physical 8388608k(84400k free), swap 5242880k(554368k free)

vm_info: Java HotSpot(TM) 64-Bit Server VM (17.0.8+9-LTS-211) for bsd-aarch64 JRE (17.0.8+9-LTS-211), built on Jun 14 2023 09:30:57 by "mach5one" with clang Apple LLVM 12.0.0 (clang-1200.0.32.29)

END.
